# callgrind format
version: 1
creator: callgrind-3.13.0
pid: 12149
cmd:  test
part: 1


desc: I1 cache: 
desc: D1 cache: 
desc: LL cache: 

desc: Timerange: Basic block 0 - 68206
desc: Trigger: Program termination

positions: line
events: Ir
summary: 297817


ob=(3) /lib/x86_64-linux-gnu/libc-2.27.so
fl=(74) /build/glibc-OTsEL5/glibc-2.27/string/../sysdeps/x86_64/multiarch/strchr.c
fn=(248) index
40 2
-2 1
+2 2
-2 2
+11 1

fl=(101) /build/glibc-OTsEL5/glibc-2.27/string/memmem.c
fn=(398) memmem
44 84
+6 24
+7 24
+7 36
+2 72
cfi=(102) /build/glibc-OTsEL5/glibc-2.27/string/../sysdeps/x86_64/multiarch/memchr-avx2.S
cfn=(402) __memchr_avx2
calls=12 -23 
* 216
* 12
+1 12
-1 12
+1 12
+9 108

fl=(124) /build/glibc-OTsEL5/glibc-2.27/io/../sysdeps/unix/sysv/linux/close.c
fn=(484) __close_nocancel
37 12
+1 3

fl=(140) /build/glibc-OTsEL5/glibc-2.27/libio/iofclose.c
fn=(582) fclose@@GLIBC_2.2.5
34 6
+14 2
-14 2
+14 4
fi=(139) /build/glibc-OTsEL5/glibc-2.27/libio/libioP.h
796 4
+1 6
fe=(140)
57 2
fi=(139)
870 6
+2 4
+1 4
fe=(140)
57 6
cfi=(138) /build/glibc-OTsEL5/glibc-2.27/libio/fileops.c
cfn=(596) _IO_file_finish@@GLIBC_2.2.5
calls=2 169 
* 74
+1 6
+13 4
+3 10
+7 10
-32 2
cfi=(141) /build/glibc-OTsEL5/glibc-2.27/libio/genops.c
cfn=(584) _IO_un_link
calls=2 +4 
* 196
+2 38
+1 4
+1 4
cfi=(138)
cfn=(586) _IO_file_close_it@@GLIBC_2.2.5
calls=2 +76 
* 200
* 8
fi=(139)
797 12
fe=(140)

fl=(121) /build/glibc-OTsEL5/glibc-2.27/io/../sysdeps/unix/sysv/linux/wordsize-64/fxstat.c
fn=(478) _fxstat
34 1
-1 1
+1 1
+1 6
+4 1

fl=(130) /build/glibc-OTsEL5/glibc-2.27/intl/bindtextdom.c
fn=(504) bindtextdomain
319 2
85 1
319 5
82 4
322 9
91 5
+4 4
310 2
+2 3
189 1
+5 1
-5 1
+12 2
cfi=(97) /build/glibc-OTsEL5/glibc-2.27/string/../sysdeps/x86_64/multiarch/strlen-avx2.S
cfn=(386) __strlen_avx2
calls=1 52 
* 15
* 1
+2 1
-2 1
+1 1
cob=(2) ???
cfi=(18) ???
cfn=(420) 0x0000000004c4d2c0
calls=1 0 
* 220
+3 1
-3 1
+3 1
+3 4
cfi=(119) /build/glibc-OTsEL5/glibc-2.27/string/../sysdeps/x86_64/multiarch/memmove-vec-unaligned-erms.S
cfn=(468) __memcpy_avx_unaligned_erms
calls=1 +9 
* 12
* 1
+11 3
cfi=(95) /build/glibc-OTsEL5/glibc-2.27/string/../sysdeps/x86_64/multiarch/../strcmp.S
cfn=(380) __strcmp_ssse3
calls=1 -75 
* 63
* 1
* 2
+54 1
-34 1
+31 1
+3 1
+4 1
-1 1
+1 2

fl=(143) /build/glibc-OTsEL5/glibc-2.27/stdlib/cxa_finalize.c
fn=(624) __cxa_finalize
30 4
+3 2
-3 10
+3 2
-3 2
+3 10
+3 6
+4 14
-4 6
+58 10
+4 12
-4 6
+12 4
+1 4
cfi=(144) /build/glibc-OTsEL5/glibc-2.27/nptl/unregister-atfork.c
cfn=(626) __unregister_atfork
calls=2 -79 
* 32
+2 8
+1 16

fl=(128) /build/glibc-OTsEL5/glibc-2.27/string/../sysdeps/x86_64/multiarch/strcpy-ssse3.S
fn=(496) __stpcpy_ssse3
32 24
+4 24
+7 24
+1 24
+1 24
+1 24
+1 24
+1 24
+1 24
+1 24
+1 24
+1 24
+1 24
+1 24
+1 24
+1 24
+1 24
+1 24
+5 22
+1 22
+1 20
+1 20
+1 20
+1 20
+1 17
+1 17
+1 3
+1 3
+1 2
+1 2
+1 2
+1 2
+5 1
+1 1
+12 1
+1 1
+1 1
+1 1
+1 1
+1 1
+1 1
+1 1
+4 1
+1 1
+6 1
+1 1
2089 1
+1 1
+2 1
+1 1
+18 2
+1 2
+2 2
+13 2
+4 1
+1 1
2436 3
+1 3
+1 3
+1 3
+2 3
+13 3
+26 3
+1 3
+1 3
+1 3
+2 3
+13 3
+4 14
+1 14
+1 14
+1 14
+2 14
+13 14
+4 1
+1 1
+1 1
+1 1
+2 1
+13 1
+26 1
+1 1
+1 1
+1 1
+2 1
+13 1

fl=(70) /build/glibc-OTsEL5/glibc-2.27/string/../sysdeps/x86_64/multiarch/ifunc-sse4_2.h
fn=(246) strpbrk
30 5
fi=(146) /build/glibc-OTsEL5/glibc-2.27/string/../sysdeps/x86_64/multiarch/strpbrk.c
-1 1
fe=(70)

fn=(232) strcspn
30 5
fi=(147) /build/glibc-OTsEL5/glibc-2.27/string/../sysdeps/x86_64/multiarch/strcspn.c
-1 1
fe=(70)

fn=(262) strspn
30 5
fi=(148) /build/glibc-OTsEL5/glibc-2.27/string/../sysdeps/x86_64/multiarch/strspn.c
-1 1
fe=(70)

fl=(84) /build/glibc-OTsEL5/glibc-2.27/string/../sysdeps/x86_64/multiarch/strrchr-avx2.S
fn=(312) __strrchr_avx2
43 2
+1 2
+2 2
+1 2
+3 2
+1 2
+1 2
+33 2
+1 2
+1 2
+1 2
+1 2
+1 2
+1 2
+1 2
+1 2
+1 2
+3 2
+1 2
+2 2
+1 2
230 2
+1 2
+1 2

fl=(120) /build/glibc-OTsEL5/glibc-2.27/io/../sysdeps/unix/sysv/linux/open64.c
fn=(476) __open_nocancel
58 1
+3 1
-3 3
+3 1
-3 1
+3 5
+8 7
+2 5

fl=(58) /build/glibc-OTsEL5/glibc-2.27/string/../sysdeps/x86_64/multiarch/ifunc-strcasecmp.h
fn=(234) strncasecmp
32 5
fi=(71) /build/glibc-OTsEL5/glibc-2.27/string/../sysdeps/x86_64/multiarch/strncase.c
-1 1
fe=(58)

fn=(254) strcasecmp_l
32 5
fi=(75) /build/glibc-OTsEL5/glibc-2.27/string/../sysdeps/x86_64/multiarch/strcasecmp_l.c
-1 1
fe=(58)

fn=(270) strncasecmp_l
32 5
fi=(76) /build/glibc-OTsEL5/glibc-2.27/string/../sysdeps/x86_64/multiarch/strncase_l.c
-1 1
fe=(58)

fn=(198) strcasecmp
32 5
fi=(59) /build/glibc-OTsEL5/glibc-2.27/string/../sysdeps/x86_64/multiarch/strcasecmp.c
-1 1
fe=(58)

fl=(68) /build/glibc-OTsEL5/glibc-2.27/string/../sysdeps/x86_64/multiarch/strcmp.c
fn=(224) strcmp
38 8
+3 8
+6 2

fl=(103) /build/glibc-OTsEL5/glibc-2.27/locale/loadarchive.c
fn=(404) _nl_load_locale_from_archive
134 120
+19 12
-19 36
+1 12
+18 12
cfi=(104) /build/glibc-OTsEL5/glibc-2.27/posix/../sysdeps/unix/sysv/linux/x86/sysconf.c
cfn=(406) sysconf
calls=12 32 
* 516
+6 37
+1 42
cfi=(95)
cfn=(380)
calls=14 -16 
* 388
* 14
* 28
-1 12
+1 42
+3 10
-1 10
+1 10
499 132
169 6
cfi=(99) /build/glibc-OTsEL5/glibc-2.27/string/../sysdeps/x86_64/multiarch/strchr-avx2.S
cfn=(394) __strchr_avx2
calls=2 45 
* 42
* 2
+1 8
+24 5
+71 2
+5 4
cfi=(97)
cfn=(386)
calls=2 52 
* 30
* 2
fi=(125) /build/glibc-OTsEL5/glibc-2.27/locale/hashval.h
37 2
-1 2
+1 8
+3 2
-1 4
+1 2
-3 4
+3 18
-1 36
+1 18
-3 36
+5 6
fe=(103)
274 2
+3 4
-3 2
+3 2
+3 8
+1 4
-1 2
+1 20
+6 6
+4 4
+1 14
cfi=(95)
cfn=(380)
calls=2 144 
* 87
* 2
* 12
+10 6
+3 2
+5 64
+2 52
+2 120
+4 24
-7 24
+7 24
+1 48
-8 24
460 4
cob=(2)
cfi=(18)
cfn=(420)
calls=2 0 
* 440
+1 2
-1 2
+1 2
+3 4
cfi=(126) /build/glibc-OTsEL5/glibc-2.27/string/strdup.c
cfn=(488) strdup
calls=2 40 
* 176
+1 2
-1 2
+1 2
+6 2
+1 4
-1 52
+4 52
+2 96
cfi=(127) /build/glibc-OTsEL5/glibc-2.27/locale/loadlocale.c
cfn=(490) _nl_intern_locale_data
calls=24 69 
* 21614
+3 24
-3 24
+3 24
+4 24
-1 24
+10 24
-9 24
-10 48
+24 2
-1 4
+1 24
172 8
cfi=(99)
cfn=(416) __strchrnul_avx2
calls=2 45 
* 40
* 2
+1 4
-1 2
+1 6
cfi=(108) /build/glibc-OTsEL5/glibc-2.27/intl/../intl/l10nflist.c
cfn=(418) _nl_normalize_codeset
calls=2 323 
* 63846
+1 2
-1 2
+1 2
+2 8
cfi=(98) /build/glibc-OTsEL5/glibc-2.27/string/../sysdeps/x86_64/multiarch/strcmp-sse42.S
cfn=(390) __strncmp_sse42
calls=2 -18 
* 58
* 2
* 4
+5 4
cfi=(97)
cfn=(386)
calls=2 52 
* 30
* 2
+1 2
-1 2
+1 2
cfi=(97)
cfn=(386)
calls=2 52 
* 34
* 2
+1 2
-1 2
+2 2
-1 16
+1 6
cfi=(119)
cfn=(466) __mempcpy_avx_unaligned_erms
calls=2 +20 
* 32
* 2
* 8
cfi=(119)
cfn=(466)
calls=2 +20 
* 32
* 2
* 10
cfi=(119)
cfn=(468)
calls=2 +33 
* 30
* 2
+5 4
cob=(2)
cfi=(18)
cfn=(472) 0x0000000004c4d2c8
calls=2 0 
* 142
* 2
+13 1
+3 2
-3 1
+3 2
cfi=(120)
cfn=(476)
calls=1 58 
* 24
+1 1
-1 1
+1 1
+4 4
cfi=(121)
cfn=(478)
calls=1 34 
* 10
* 2
+15 1
+2 7
cfi=(122) /build/glibc-OTsEL5/glibc-2.27/misc/../sysdeps/unix/sysv/linux/mmap64.c
cfn=(480) mmap
calls=1 44 
* 35
+1 1
-1 1
+1 1
119 2
-1 1
+1 1
+3 3
-1 1
+1 1
+1 2
-3 2
+3 2
235 2
fi=(123) /build/glibc-OTsEL5/glibc-2.27/locale/../sysdeps/unix/sysv/linux/not-cancel.h
64 2
cfi=(124)
cfn=(484)
calls=1 -27 
* 5
fe=(103)
259 1
+2 2

fl=(109) /build/glibc-OTsEL5/glibc-2.27/malloc/malloc.c
fn=(422) malloc
3028 135
+5 90
+1 90
+5 310
+3 44
-2 132
+2 132
+3 88
+10 168
+2 126
cfn=(454) _int_malloc
calls=42 3521 
* 6986
+1 42
-1 42
+1 252
-19 172
+8 42
+1 126
2941 4
+2 4
+1 2
3081 220
-46 1
+46 3
-46 1
cfi=(110) /build/glibc-OTsEL5/glibc-2.27/malloc/hooks.c
cfn=(424) malloc_hook_ini
calls=1 29 
* 63355

fn=(452) tcache_init.part.4
2986 1
-9 1
+9 9
+1 3
cfn=(454)
calls=1 3521 
* 389
+1 1
-1 1
+1 1
+8 4
+7 2
+2 1
+1 2
-1 1
+1 78
+3 2

fn=(456) sysmalloc
2274 8
+20 1
+11 1
-11 1
+11 1
+1 4
fi=(111) /build/glibc-OTsEL5/glibc-2.27/malloc/arena.c
535 1
fe=(109)
2321 2
fi=(111)
535 1
fe=(109)
2321 2
+66 1
+1 3
+10 1
-9 1
+9 3
+6 4
+3 3
2724 2
+1 1
+5 2
+3 2
+5 1
-3 1
+3 1
-2 1
+2 3
+1 1
-1 1
-1 1
+4 1
-3 2
+1 1
+2 1
+6 9
2460 3
+19 2
-11 1
+11 1
-11 1
+21 4
cfi=(116) /build/glibc-OTsEL5/glibc-2.27/malloc/morecore.c
cfn=(458) __default_morecore
calls=1 46 
* 61
* 1
+1 1
+3 3
+3 4
+1 2
+46 2
+2 2
+6 1
-6 1
+6 1
-82 1
+10 2
+8 1
-8 1
+8 1
+67 4
+34 2
+6 3
+22 2
+1 5
+2 1
-2 1
+2 1
+1 4
cfi=(116)
cfn=(458)
calls=1 46 
* 25
+12 3
+48 1
+1 1
-2 1
+1 2
+12 1
-12 1
+1 1
+11 1
2544 2
-3 3
+99 2
+1 4

fn=(474) free
3086 44
+5 8
+1 8
+6 8
+5 2
-2 2
+2 4
+18 6
+2 6
4149 4
+6 8
+1 4
+4 8
+9 6
-2 4
+3 4
+1 8
3125 44
2929 6
+3 2
-2 4
+1 2
+1 4

fn=(454)
3521 264
+32 44
-32 44
+32 390
+4 264
+24 88
+2 90
+3 30
+2 60
4131 398
3553 4
+86 30
+62 62
+1 6
+20 44
-1 88
+1 44
-1 44
+1 88
-2 215
+6 129
+66 43
-40 86
3879 43
3731 43
+1 43
+20 86
+40 86
-60 86
-12 1
+6 3
+66 1
-40 2
3879 1
3731 1
+1 1
+20 2
+40 2
-60 2
-90 126
+2 42
-2 42
+2 84
+59 840
-62 546
3904 88
+2 8
+3 2
-3 2
+3 4
+68 88
+1 88
+1 88
+1 88
+1 88
+5 88
3720 2
3893 88
+97 132
+3 176
-3 132
+3 168
-3 84
+3 117
+97 44
+3 44
-2 88
+2 89
+17 3
1887 43
4103 43
1887 86
4125 3
cfn=(456)
calls=1 2274 
* 237
+1 1
-1 1
+1 1
1887 3
4095 43
+3 86
-3 43
+1 43
+2 129
+2 43
-2 86
-1 43
+1 86
+2 86

fl=(131) /build/glibc-OTsEL5/glibc-2.27/intl/textdomain.c
fn=(510) textdomain
65 3
+5 1
+1 1
-1 1
+3 4
+5 1
-3 1
+3 1
+33 2
+2 2
+4 3
+3 5
-41 3
cfi=(95)
cfn=(380)
calls=1 +65 
* 24
* 1
* 2
+5 3
cfi=(95)
cfn=(380)
calls=1 +60 
* 24
* 1
* 2
+10 2
cfi=(126)
cfn=(488)
calls=1 -54 
* 266
+8 1
-8 1
+8 1
+1 3

fl=(135) /build/glibc-OTsEL5/glibc-2.27/libio/fileno.c
fn=(546) fileno
35 10
+7 2

fl=(83) /build/glibc-OTsEL5/glibc-2.27/misc/init-misc.c
fn=(308) __init_misc
31 2
-1 3
+1 4
+2 3
cfi=(84)
cfn=(312)
calls=1 +10 
* 24
* 1
+4 5
+1 3
+2 4

fl=(93) /build/glibc-OTsEL5/glibc-2.27/setjmp/sigjmp.c
fn=(358) __sigjmp_save
29 1
-1 2
+1 2
+5 3

fl=(117) /build/glibc-OTsEL5/glibc-2.27/misc/sbrk.c
fn=(460) sbrk
32 2
+8 2
-8 6
+8 9
+1 2
cfi=(118) /build/glibc-OTsEL5/glibc-2.27/misc/../sysdeps/unix/sysv/linux/x86_64/brk.c
cfn=(462) brk
calls=1 -10 
* 12
* 3
+3 4
+4 6
+12 5
-4 2
cfi=(118)
cfn=(462)
calls=1 -25 
* 12
* 2
+4 5

fl=(89) /build/glibc-OTsEL5/glibc-2.27/csu/../csu/libc-start.c
fn=(328) (below main)
137 8
+4 1
-4 2
+4 2
+98 1
-98 1
+98 1
+1 4
cfi=(90) /build/glibc-OTsEL5/glibc-2.27/stdlib/cxa_atexit.c
cfn=(330) __cxa_atexit
calls=1 65 
* 65
+22 4
+3 2
+1 5
cob=(5) /usr/bin/test
cfi=(88) ???
cfn=(334) 0x00000000000082e0
calls=1 0 
* 57
+4 4
+15 2
+12 2
cfi=(91) /build/glibc-OTsEL5/glibc-2.27/setjmp/../sysdeps/x86_64/bsd-_setjmp.S
cfn=(354) _setjmp
calls=1 30 
* 29
+1 2
+5 2
+1 2
+3 2
+3 6
cob=(5)
cfi=(88)
cfn=(360) 0x0000000000001920
calls=1 0 
* 119603
+34 2
cfi=(132) /build/glibc-OTsEL5/glibc-2.27/stdlib/exit.c
cfn=(526) exit
calls=1 139 
* 1962

fl=(119)
fn=(466)
204 4
+1 4
+1 4
+13 4
+1 4
+44 4
+1 4
+2 4
+1 4
+1 4
+1 4
+36 4
+1 4
+1 4
+1 4
+1 4

fn=(468)
217 18
+2 18
+1 18
+44 18
+1 18
+2 18
+1 18
+1 2
+1 2
+1 2
+1 2
+1 2
+1 2
+1 2
+2 2
+22 16
+1 16
+1 16
+1 16
+1 16

fl=(94) /build/glibc-OTsEL5/glibc-2.27/locale/setlocale.c
fn=(376) setlocale
220 11
+7 2
+5 3
+4 4
471 12
238 5
cfi=(95)
cfn=(380)
calls=1 -94 
* 24
* 1
* 3
+16 1
-3 1
+1 1
+2 1
cfi=(96) /build/glibc-OTsEL5/glibc-2.27/stdlib/getenv.c
cfn=(382) getenv
calls=1 34 
* 548
+1 2
+12 2
+16 2
-2 13
+2 1
cfi=(99)
cfn=(394)
calls=1 45 
* 21
* 1
* 3
+54 53
+1 24
+2 72
cfi=(100) /build/glibc-OTsEL5/glibc-2.27/locale/findlocale.c
cfn=(396) _nl_find_locale
calls=12 104 
* 112103
+4 12
-4 12
+4 12
+14 24
+4 48
+2 60
cfi=(95)
cfn=(380)
calls=12 144 
* 288
* 12
* 24
+5 24
cfi=(126)
cfn=(488)
calls=12 40 
* 3192
+1 12
-1 12
+1 12
+31 3
+3 2
cob=(2)
cfi=(18)
cfn=(472)
calls=1 0 
* 29
+1 2
cob=(2)
cfi=(18)
cfn=(472)
calls=1 0 
* 29
* 1
-27 3
cfn=(492) new_composite_name
calls=1 141 
* 1664
+1 1
-1 1
+1 16
+4 26
212 12
+1 24
-1 12
+1 36
+1 1
cfi=(129) /build/glibc-OTsEL5/glibc-2.27/locale/lc-ctype.c
cfn=(498) _nl_postload_ctype
calls=1 38 
* 44
-17 12
386 12
197 36
+3 36
+3 24
382 24
197 3
+3 3
+3 1
392 3
-54 1
-1 2

fn=(492)
141 8
+2 1
-2 1
+5 1
-5 6
+49 21
-41 26
+2 12
+3 36
cfi=(97)
cfn=(386)
calls=12 52 
* 192
* 12
* 12
+1 48
+1 35
cfi=(95)
cfn=(380)
calls=1 -12 
* 24
* 1
* 2
-8 24
+12 2
+12 2
cob=(2)
cfi=(18)
cfn=(420)
calls=1 0 
* 216
+1 1
-1 2
+1 19
+4 26
+6 12
-3 12
+3 24
cfi=(128)
cfn=(496)
calls=12 32 
* 380
* 12
+1 24
+1 24
cfi=(128)
cfn=(496)
calls=12 32 
* 384
* 12
-9 12
+10 24
-10 12
+12 2

fl=(118)
fn=(462)
31 16
+8 2
-6 4
+7 2

fl=(127)
fn=(490)
69 168
+10 48
+1 254
+7 120
+3 24
-1 72
+9 96
cob=(2)
cfi=(18)
cfn=(420)
calls=24 -98 
* 5206
+2 48
+63 192
-23 40
-30 24
-7 24
+1 24
+2 48
-1 24
+4 24
+1 24
+2 24
+1 24
-1 24
+1 24
+38 24
-27 24
-14 24
+14 3724
+9 954
+18 2202
+1 1340
-42 2220
+2 716
+1 716
-1 716
+1 716
+28 8
-2 52
-1 28
-1 12
+5 64
-7 184
-1 76
-2 24
+12 356
+4 528
+7 140
+2 210

fl=(85) /build/glibc-OTsEL5/glibc-2.27/ctype/ctype-info.c
fn=(314) __ctype_init
31 5
+2 1
+2 1
-4 1
+4 1
-4 1
+2 3
+2 2
+1 1

fl=(102)
fn=(402)
43 24
+1 24
+2 24
+2 24
+5 24
+3 24
+1 24
+1 24
+3 20
+1 20
+1 20
+3 20
+2 16
+1 16
+21 4
+1 4
+1 4
+1 4
+2 4
+1 4
+1 4
+18 4
+1 4
+3 4
+1 4
247 4
+2 4
+1 4
+40 24
+2 24
+1 24

fl=(107) /build/glibc-OTsEL5/glibc-2.27/misc/../sysdeps/unix/sysv/linux/getpagesize.c
fn=(412) getpagesize
28 48
+2 12

fl=(60) /build/glibc-OTsEL5/glibc-2.27/string/../sysdeps/x86_64/multiarch/ifunc-avx2.h
fn=(212) rawmemchr
32 1
-2 1
+2 2
-2 3
fi=(149) /build/glibc-OTsEL5/glibc-2.27/string/../sysdeps/x86_64/multiarch/rawmemchr.c
+1 1
fe=(60)

fn=(204) rindex
32 2
-2 2
+2 4
-2 6
fi=(150) /build/glibc-OTsEL5/glibc-2.27/string/../sysdeps/x86_64/multiarch/strrchr.c
-2 2
fe=(60)

fn=(230) strnlen
32 2
-2 2
+2 4
-2 6
fi=(151) /build/glibc-OTsEL5/glibc-2.27/string/../sysdeps/x86_64/multiarch/strnlen.c
+1 2
fe=(60)

fn=(250) strlen
32 2
-2 2
+2 4
-2 6
fi=(152) /build/glibc-OTsEL5/glibc-2.27/string/../sysdeps/x86_64/multiarch/strlen.c
-1 2
fe=(60)

fn=(252) memrchr
32 1
-2 1
+2 2
-2 3
fi=(153) /build/glibc-OTsEL5/glibc-2.27/string/../sysdeps/x86_64/multiarch/memrchr.c
-1 1
fe=(60)

fn=(258) memchr
32 1
-2 1
+2 2
-2 3
fi=(154) /build/glibc-OTsEL5/glibc-2.27/string/../sysdeps/x86_64/multiarch/memchr.c
-1 1
fe=(60)

fn=(268) strchrnul
32 1
-2 1
+2 2
-2 3
fi=(155) /build/glibc-OTsEL5/glibc-2.27/string/../sysdeps/x86_64/multiarch/strchrnul.c
+1 1
fe=(60)

fl=(77) /build/glibc-OTsEL5/glibc-2.27/time/../sysdeps/unix/sysv/linux/x86/gettimeofday.c
fn=(274) gettimeofday
42 2
fi=(62) /build/glibc-OTsEL5/glibc-2.27/time/../sysdeps/generic/dl-hash.h
+2 1
+1 1
fe=(77)
-3 3
fi=(62)
+1 1
+5 3
+14 4
-17 3
+3 9
+14 12
-17 9
+22 1
fe=(77)
-25 6
cfi=(63) /build/glibc-OTsEL5/glibc-2.27/elf/../sysdeps/unix/sysv/linux/dl-vdso.c
cfn=(210) _dl_vdso_vsym
calls=1 -17 
* 17
* 5

fl=(64) /build/glibc-OTsEL5/glibc-2.27/wcsmbs/../sysdeps/x86_64/multiarch/ifunc-avx2.h
fn=(214) wmemchr
32 2
-2 2
+2 4
-2 6
fi=(156) /build/glibc-OTsEL5/glibc-2.27/wcsmbs/../sysdeps/x86_64/multiarch/wmemchr.c
+1 2
fe=(64)

fn=(228) wcschr
32 2
-2 2
+2 4
-2 6
fi=(157) /build/glibc-OTsEL5/glibc-2.27/wcsmbs/../sysdeps/x86_64/multiarch/wcschr.c
+1 2
fe=(64)

fn=(260) wcslen
32 1
-2 1
+2 2
-2 3
fi=(158) /build/glibc-OTsEL5/glibc-2.27/wcsmbs/../sysdeps/x86_64/multiarch/wcslen.c
-1 1
fe=(64)

fl=(91)
fn=(354)
30 1
+2 1
cfi=(92) /build/glibc-OTsEL5/glibc-2.27/setjmp/../sysdeps/x86_64/setjmp.S
cfn=(356) __sigsetjmp
calls=1 -6 
* 27

fl=(129)
fn=(498)
38 1
+27 2
-8 2
+2 1
+2 1
-5 1
+3 1
+2 1
+4 1
-7 1
+2 1
+5 1
+2 2
+2 2
+2 2
+32 4
+1 1
-1 1
+2 1
-2 1
+1 3
+1 3
+1 3
+1 3
+1 3
+2 1

fl=(95)
fn=(380)
144 57
+1 57
+2 57
+1 57
+21 57
+1 57
+1 56
+1 56
+1 52
+1 52
+1 52
+1 52
+21 52
+1 52
+1 52
+1 52
+1 52
+1 52
+1 52
+5 1
+1 1
+9 1
+1 1
+1 1
+1 1
+1 1
+1 1
+1 1
+1 1
-7 5
+1 5
+1 5
+1 5
+1 5
+1 5
+1 5
+1 5
+1 6
+1 3
+1 3
+1 3
+2 3
+1 3
+1 3
+1 3
+1 3
+1 3
-5 3
+1 3
+1 3
+1 3
+1 3
+1 3
571 1
+1 1
+1 1
+1 1
+1 1
+2 1
+1 1
+1 1
+1 1
+1 1
+1 1
+1 1
946 1
+1 1
+1 1
+1 1
+1 1
+2 1
+1 1
+1 1
+1 1
+1 1
+1 1
+1 1
1196 1
+1 1
+1 1
+1 1
+1 1
+2 1
+1 1
+1 1
+1 1
+1 1
+1 1
+1 1
1321 1
+1 1
+1 1
+1 1
+1 1
+2 1
+1 1
+1 1
+1 1
+1 1
+1 1
+1 1
+1 1
+4 1
+1 1
+1 1
+6 1
+1 1
+1 2
+4 1
+1 1
+3 1
+1 1
+1 1
+7 1
+4 1
+1 1
+1 1
+1 1
+1 1
+1 1
2071 2
+1 2
+1 2
+1 2
+1 2
+2 2
+1 2
+1 2
+1 2
+1 2
+1 2
+1 2
2200 1
+2 1
+1 1
+1 1
+1 1
-3 5
+1 5
+1 5
+1 5
+1 9
+5 3
+6 3
+1 3
+8 3
+1 3
-16 54
+6 54
+1 54
+8 54
+1 54

fl=(90)
fn=(330)
65 14
-26 4
+26 2
-26 10
+1 4
cfn=(332) __new_exitfn
calls=2 +44 
* 64
+2 4
+7 4
+3 2
-1 2
+2 2
+1 2
+1 8
+1 2
+11 12

fn=(332)
84 4
-6 4
+1 4
-1 2
+11 10
+2 6
+1 5
-3 1
+10 2
-10 2
+3 2
+10 2
+25 1
+1 1
-1 1
+1 1
-1 1
+7 1
+1 1
+4 4
-5 1
+1 1
+4 4
-19 1
+1 2

fl=(92)
fn=(356)
26 1
+9 1
+1 2
+1 1
+4 1
+1 1
+1 1
+1 1
+1 1
+2 2
+2 1
+1 1
+1 1
+2 2
+2 1
+8 1
cfi=(93)
cfn=(358)
calls=1 -34 
* 8

fl=(100)
fn=(396)
104 132
+3 12
-3 48
+3 12
+8 24
+18 36
cfi=(95)
cfn=(380)
calls=12 +11 
* 308
* 12
* 24
+1 36
cfi=(95)
cfn=(380)
calls=12 +10 
* 308
* 12
* 24
-59 24
cfi=(97)
cfn=(386)
calls=12 -23 
* 188
* 12
+3 12
-3 12
+3 12
+4 60
cfi=(101)
cfn=(398)
calls=12 -38 
* 612
* 24
+3 24
+2 12
+1 48
+8 48
cfi=(102)
cfn=(402)
calls=12 -53 
* 216
* 12
* 24
+51 12
+4 12
-4 12
+4 12
+2 36
cfi=(103)
cfn=(404)
calls=12 -19 
* 89411
+2 24
328 132
119 24
cfi=(96)
cfn=(382)
calls=12 -85 
* 10836
-53 12
+53 24
-53 12
+56 36
-1 36
cfi=(96)
cfn=(382)
calls=12 -87 
* 7980
-55 12
+55 24
-55 30
+58 6
cfi=(96)
cfn=(382)
calls=3 -90 
* 1074
-58 3
+58 6
-58 9

fl=(145) /build/glibc-OTsEL5/glibc-2.27/posix/../sysdeps/unix/sysv/linux/_exit.c
fn=(664) _Exit
27 2
+4 1
+2 2

fl=(56) /build/glibc-OTsEL5/glibc-2.27/string/../sysdeps/x86_64/multiarch/ifunc-memmove.h
fn=(194) memmove
44 10
+4 4
-1 4
+12 4
+2 10

fn=(240) memcpy@@GLIBC_2.14
44 10
+4 4
-1 4
+12 4
+2 10

fn=(216) mempcpy
44 5
+4 2
-1 2
+12 2
+2 5

fl=(86) /build/glibc-OTsEL5/glibc-2.27/string/../sysdeps/x86/cacheinfo.c
fn=(316) init_cacheinfo
488 7
+14 6
758 2
+2 1
+1 1
+2 1
-3 1
+5 1
-5 1
+4 3
+4 2
+3 2
+2 1
+1 1
+2 1
-3 1
+5 1
-5 1
+4 3
+9 1
+2 8
-2 1
+3 8
500 1
+4 1
-4 1
+4 1
cfn=(318) handle_intel.constprop.1
calls=1 259 
* 469
+2 1
-2 1
+2 1
cfn=(318)
calls=1 259 
* 515
+5 1
-5 1
+5 1
cfn=(318)
calls=1 259 
* 542
+8 1
-8 1
+8 1
+11 1
-20 1
+25 3
+4 2
+8 6
+3 2
+9 6
+14 2
+4 1
+3 1
+1 1
-4 1
+3 1
-3 1
+3 1
+6 8
-39 3
+3 9
+6 6
-6 3
+6 2
+3 20
+5 2
+4 1
+1 1
-1 3
691 4
+1 5
+4 2
+59 2
592 2
+8 1
+2 1
-2 6
+2 4
-2 1
+4 1
+23 2
-25 2
+2 6
+2 6
+3 2
+1 8
+2 4
+3 2
+5 1
+2 2
+1 1
-1 1
+2 1
-2 1
+1 2
+27 2
+1 1
+1 2
+2 1
-1 1
+1 1
-24 3
+4 2
+3 1
+2 4
+1 1
+5 2

fn=(320) intel_check_word.isra.0
132 12
+6 6
-10 18
+10 6
-10 6
+10 6
-10 6
+10 12
-10 6
+10 6
+2 6
-2 6
+2 18
250 12
140 24
+2 15
+2 30
+8 30
+51 24
+22 12
fi=(87) /build/glibc-OTsEL5/glibc-2.27/string/../bits/stdlib-bsearch.h
28 12
-1 24
+4 24
+1 12
fe=(86)
+87 24
fi=(87)
-88 138
+1 69
fe=(86)
+87 138
+3 81
fi=(87)
-93 252
+8 15
-8 36
fe=(86)
134 3
255 36
-91 9
+3 9
-6 13
+3 4
+9 4
+5 14
+1 10
+17 5
-32 15
+3 15
+4 14
+2 28
+2 14
+2 8
+4 3
+2 6
+2 3
+2 3
-2 3
+2 6
-2 3
+3 9
-2 12
+2 6
-24 2
+7 2
+2 4

fn=(318)
259 21
+2 3
-2 9
+5 9
+8 3
+1 3
-3 3
+5 12
+6 6
+5 3
-5 9
+5 3
+2 3
+1 3
-1 3
+5 18
cfn=(320)
calls=3 132 
* 1035
+2 6
+3 21
cfn=(320)
calls=3 132 
* 314
+2 6
+19 33

fl=(136) /build/glibc-OTsEL5/glibc-2.27/libio/__freading.c
fn=(554) __freading
23 4
+1 20
+2 4

fl=(73) /build/glibc-OTsEL5/glibc-2.27/wcsmbs/../sysdeps/x86_64/multiarch/ifunc-wmemset.h
fn=(244) wmemset
32 4
-2 2
+2 4
-2 4
+5 2
-1 8
fi=(159) /build/glibc-OTsEL5/glibc-2.27/wcsmbs/../sysdeps/x86_64/multiarch/wmemset.c
-3 2
fe=(73)

fl=(134) /build/glibc-OTsEL5/glibc-2.27/libio/__fpending.c
fn=(538) __fpending
23 6
+3 4
+1 2

fl=(116)
fn=(458)
46 2
+1 2
cfi=(117)
cfn=(460)
calls=2 -15 
* 72
+2 6
+3 4

fl=(141)
fn=(584)
53 24
+1 8
+4 8
+1 20
+2 2
-2 2
+1 2
+1 2
-2 2
+2 2
-2 2
+2 30
+2 2
-2 2
+2 4
+2 4
+3 3
+1 3
+5 2
+2 2
-2 2
+2 16
+2 2
-1 2
+1 16
+1 4
+3 28
-6 14
-18 8
+8 3
+5 3
-3 2

fn=(588) _IO_unsave_markers
1019 4
+19 6
189 2

fn=(658) _IO_flush_all_lockp
749 11
+5 4
+1 11
+3 1
-8 1
+5 1
+3 1
-3 1
+3 1
fi=(139)
870 2
fe=(141)
762 1
fi=(139)
870 2
fe=(141)
-98 2
-14 1
+16 1
-16 2
+3 1
-1 1
+1 1
+3 8
+14 9
+1 3
+4 12
-29 4

fn=(598) _IO_default_finish
628 8
+2 2
-2 6
+2 4
+6 6
+3 6
54 4
651 14

fn=(656) _IO_cleanup
918 2
+3 1
-3 8
+3 1
cfn=(658)
calls=1 749 
* 82
-72 1
+72 1
-72 2
+1 11
+3 1
-3 1
+3 1
-3 1
+3 1
fi=(139)
+17 2
fe=(141)
-7 1
fi=(139)
+7 2
fe=(141)
+23 1
-40 3
+2 3
+2 3
+30 1
+10 9
+1 2
+35 12
-84 4

fn=(592) _IO_setb
347 6
+1 8
+3 2
+2 8
-3 2
+3 4
+3 6

fl=(144)
fn=(626)
28 8
+8 2
-8 6
+11 4
+82 12

fl=(96)
fn=(382)
34 224
+1 28
cfi=(97)
cfn=(386)
calls=28 +17 
* 460
* 28
* 28
+4 196
+3 84
+49 252
-24 28
+6 28
+2 28
-3 28
+3 7252
+9 4372
cfi=(98)
cfn=(390)
calls=184 +74 
* 6802
* 184
* 368
+1 24
+1 24

fl=(67) /build/glibc-OTsEL5/glibc-2.27/string/../sysdeps/x86_64/multiarch/strncmp.c
fn=(222) strncmp
38 8
+1 6
+9 2

fl=(69) /build/glibc-OTsEL5/glibc-2.27/string/../sysdeps/x86_64/multiarch/ifunc-memset.h
fn=(226) memset
42 10
+4 4
-1 8
+12 4
+2 10

fl=(80) /build/glibc-OTsEL5/glibc-2.27/csu/../csu/init-first.c
fn=(302) _init
52 8
+3 3
+14 1
fi=(81) /build/glibc-OTsEL5/glibc-2.27/csu/../sysdeps/generic/dl-hash.h
-25 1
fe=(80)
+23 1
+1 1
fi=(81)
-23 1
fe=(80)
+24 1
fi=(82) /build/glibc-OTsEL5/glibc-2.27/csu/../sysdeps/unix/sysv/linux/x86_64/init-first.c
-33 4
fi=(81)
+7 1
+5 3
+14 4
-17 3
+3 9
+14 12
-17 9
+22 1
fi=(82)
-31 2
+2 2
-2 1
+2 2
cfi=(63)
cfn=(210)
calls=1 -13 
* 17
+2 1
+4 1
-4 1
+4 1
-4 1
+1 2
+1 1
+2 1
cfi=(63)
cfn=(210)
calls=1 -19 
* 17
fe=(80)
+37 3
fi=(82)
-36 2
+1 1
fe=(80)
+35 1
cfi=(83)
cfn=(308)
calls=1 -50 
* 49
+3 1
cfi=(85)
cfn=(314)
calls=1 -53 
* 16
+5 6
-27 1
-7 1
+7 4

fl=(97)
fn=(386)
52 74
+1 74
+1 74
+3 74
+1 74
+1 74
+3 60
+1 60
+1 60
+8 60
+19 14
+1 14
+1 14
+1 14
+2 14
+1 14
+1 14
+1 12
+6 12
+1 12
+1 12
+4 12
+1 12
+16 2
+10 2
+1 2
+1 2
+1 2
332 62
+1 62
+1 62
+4 62
+1 62

fl=(104)
fn=(406)
32 108
+1 36
fi=(105) /build/glibc-OTsEL5/glibc-2.27/posix/../sysdeps/unix/sysv/linux/x86/../sysconf.c
+39 84
fi=(106) /build/glibc-OTsEL5/glibc-2.27/posix/../sysdeps/posix/sysconf.c
-18 72
fe=(104)
-17 120
fi=(106)
215 12
cfi=(107)
cfn=(412)
calls=12 28 
* 60
* 24
fe=(104)

fl=(61) /build/glibc-OTsEL5/glibc-2.27/time/../sysdeps/unix/sysv/linux/x86/time.c
fn=(206) time
43 2
fi=(62)
+1 1
+1 1
fe=(61)
-2 4
fi=(62)
+5 3
+14 4
-17 3
+3 9
+14 12
-17 9
+22 1
fe=(61)
-24 6
cfi=(63)
cfn=(210)
calls=1 -18 
* 17
* 5

fl=(133) /build/glibc-OTsEL5/glibc-2.27/stdlib/cxa_thread_atexit_impl.c
fn=(530) __call_tls_dtors
145 3
+1 4
+18 4

fl=(98)
fn=(390)
158 186
+1 186
+1 186
+1 186
+1 186
+2 186
+1 186
+2 186
+1 186
+26 186
+1 186
+1 170
+1 170
+1 136
+1 136
+35 136
+1 136
+1 136
+1 136
+1 136
+1 136
+1 136
+15 50
+1 50
+1 50
+1 50
+1 50
+1 50
+1 50
+1 50
+1 50
+1 48
+1 28
+1 28
+1 28
+2 28
+1 28
+1 28
+1 28
+1 28
+1 28
+1 28
+1 28
+1 28
-8 20
+1 20
+1 20
+1 20
+1 20
+1 20
+1 20
+1 20
+1 20
+10 2
+1 2
+2 2
+6 2
+1 2
+1 2
+1 2
+1 2
+5 2
464 1
+2 1
+1 1
+1 1
+1 1
+1 1
+1 1
+1 1
+1 1
+1 6
+2 1
+1 1
+6 1
+1 1
+1 1
+1 1
+4 1
+1 1
+3 1
+1 1
+2 1
+6 1
+49 1
+2 1
+1 1
+1 1
+1 1
+1 1
+1 1
+1 1
+1 1
+2 6
+2 1
+1 1
+6 1
+1 1
+1 1
+1 1
+3 1
+1 1
+3 1
+1 1
+2 1
+6 1
729 1
+2 1
+1 1
+1 1
+1 1
+1 1
+1 1
+1 1
+82 3
+2 3
+1 3
+1 3
+1 3
+1 3
+1 3
+1 3
+1 1
+2 6
+2 1
+1 1
+6 1
+1 1
+1 1
+1 1
+4 1
+1 1
+3 1
+1 1
+2 1
+6 1
+49 1
+2 1
+1 1
+1 1
+1 1
+1 1
+1 1
+1 1
+81 1
+2 1
+1 1
+1 1
+1 1
+1 1
+1 1
+1 1
+81 1
+2 1
+1 1
+1 1
+1 1
+1 1
+1 1
+1 1
1265 3
+2 3
+1 3
+1 3
+1 3
+1 3
+1 3
+1 3
+81 3
+2 3
+1 3
+1 3
+1 3
+1 3
+1 3
+1 3
+1 1
+2 6
+2 1
+1 1
+6 1
+1 1
+1 1
+1 1
+4 1
+1 1
+3 1
+1 1
+2 1
+6 1
+49 2
+2 2
+1 2
+1 2
+1 2
+1 2
+1 2
+1 2
+82 15
+2 15
+1 15
+1 15
+1 15
+1 15
+1 15
+1 15
+1 13
+2 78
+2 13
+1 13
+6 13
+1 13
+1 13
+2 13
+4 13
+1 13
+3 13
+1 13
+2 13
+6 13
+49 16
+2 16
+1 16
+1 16
+1 16
+1 16
+1 16
+1 16
+2 1
+2 6
+2 1
+1 1
+6 1
+1 1
+2 1
+2 1
+4 1
+1 1
+3 1
+1 1
+2 1
+6 1
+50 18
+2 18
+1 18
+2 15
+1 15
+1 15
+1 15
+1 15
+1 15
+1 15
+8 15
+1 15
+3 32
+1 32
+1 32
+1 32
+1 11
+5 11
+3 11
+1 11
-4 157
+3 157
+1 157
+2 159
+1 159
+8 159
+1 159
+3 12
+1 12

fl=(112) /build/glibc-OTsEL5/glibc-2.27/elf/dl-addr.c
fn=(428) _dl_addr
126 9
+2 1
-2 1
+5 1
-5 1
+5 2
cob=(1) /lib/x86_64-linux-gnu/ld-2.27.so
cfi=(2) /build/glibc-OTsEL5/glibc-2.27/elf/rtld.c
cfn=(52) rtld_lock_default_lock_recursive
calls=1 784 
* 2
+2 2
cob=(1)
cfi=(113) /build/glibc-OTsEL5/glibc-2.27/elf/../sysdeps/x86_64/dl-trampoline.h
cfn=(436) _dl_runtime_resolve_xsave
calls=1 -62 
* 1117
* 5
+2 3
30 1
+1 1
-1 1
+1 1
+3 2
+5 1
+6 1
-7 1
+2 3
+2 3
+3 1
+5 7
-6 2
+6 4043
+2 1010
+1 2020
-1 1
+1 2
+2 3664
+9 2052
+7 28
-2 28
+2 2353
-2 2297
+2 6003
-10 11625
+2 9300
+1 14806
+36 2
+1 1
+1 3
+3 2
+36 2
cob=(1)
cfi=(2)
cfn=(54) rtld_lock_default_unlock_recursive
calls=1 790 
* 2
+3 9
-27 1
+1 1
+20 2

fl=(137) /build/glibc-OTsEL5/glibc-2.27/libio/iofflush.c
fn=(570) fflush
33 4
-1 8
+7 30
+1 2
fi=(139)
870 6
+2 4
+1 4
fe=(137)
40 4
cfi=(138)
cfn=(572) _IO_file_sync@@GLIBC_2.2.5
calls=2 807 
* 34
* 8
fi=(139)
796 4
+1 16
fe=(137)
44 10

fl=(99)
fn=(416)
45 2
+2 2
+1 2
+1 2
+2 2
+1 2
+1 2
+4 1
+1 1
+1 1
+1 1
+1 1
+1 1
+1 1
+11 1
+1 1
+1 1
+1 1
+1 1
+1 1
+1 1
+2 1
+1 1
+1 1
+2 1
+1 1
+2 1
+7 1
+1 1
+87 1
+2 1
+7 1
+1 1

fn=(394)
45 3
+2 3
+1 3
+1 3
+2 3
+1 3
+1 3
+4 3
+1 3
+1 3
+1 3
+1 3
+1 3
+1 3
184 3
+4 3
+1 3
+1 3
+1 3
+2 3
+1 3

fl=(111)
fn=(426) ptmalloc_init.part.0
289 2
+5 1
-5 3
+13 2
+6 1
fi=(109)
1816 2
fe=(111)
308 12
fi=(109)
1816 13
+1 1
-1 3
+1 11
-1 390
+1 30
-1 90
+1 331
fe=(111)
313 1
fi=(109)
1825 1
fe=(111)
313 4
fi=(109)
1817 7
+11 1
-11 4
+9 1
fe=(111)
313 1
fi=(109)
1828 1
fe=(111)
313 1
cob=(1)
cfi=(113)
cfn=(436)
calls=1 71 
* 1027
* 5
+1 4
cob=(1)
cfi=(9) /build/glibc-OTsEL5/glibc-2.27/elf/dl-tunables.c
cfn=(26) __tunable_get_val
calls=1 +59 
* 18
* 1
+1 4
cob=(1)
cfi=(9)
cfn=(26)
calls=1 +58 
* 19
* 1
+1 4
cob=(1)
cfi=(9)
cfn=(26)
calls=1 +57 
* 18
* 1
+1 4
cob=(1)
cfi=(9)
cfn=(26)
calls=1 +56 
* 18
* 1
+1 4
cob=(1)
cfi=(9)
cfn=(26)
calls=1 +55 
* 19
* 1
+1 4
cob=(1)
cfi=(9)
cfn=(26)
calls=1 +54 
* 18
* 1
+1 4
cob=(1)
cfi=(9)
cfn=(26)
calls=1 +53 
* 18
* 1
+2 4
cob=(1)
cfi=(9)
cfn=(26)
calls=1 +51 
* 18
* 1
+1 4
cob=(1)
cfi=(9)
cfn=(26)
calls=1 +50 
* 18
* 1
+1 4
cob=(1)
cfi=(9)
cfn=(26)
calls=1 +49 
* 18
* 1
+71 2
+1 2
+4 2
-1 1
+1 4
-97 5
cfi=(112)
cfn=(428)
calls=1 126 
* 60426
* 2
+1 4

fl=(138)
fn=(572)
807 8
+5 8
+2 2
+1 4
+15 4
+4 8

fn=(586)
129 6
+2 6
+4 2
+3 4
-3 2
-1 4
+6 2
+3 2
-3 2
cfi=(141)
cfn=(588)
calls=2 1019 
* 12
+3 6
fi=(139)
870 6
+2 4
+1 4
fe=(138)
143 4
cfn=(590) _IO_file_close
calls=2 1190 
* 14
* 2
+3 6
+8 10
cfi=(141)
cfn=(592)
calls=2 347 
* 36
+1 4
+3 2
-3 2
+1 6
+2 2
cfi=(141)
cfn=(584)
calls=2 53 
* 30
+5 2
-4 2
+1 2
+1 2
+2 2
+1 10

fn=(596)
169 8
+1 4
+7 2
-1 4
+1 4
-1 2
cfi=(141)
cfn=(598)
calls=2 628 
* 50

fn=(590)
1190 4
cfi=(124)
cfn=(484)
calls=2 37 
* 10

fl=(132)
fn=(528) __run_exit_handlers
40 9
+5 1
-5 1
+5 2
+11 14
+3 2
+2 5
+16 4
+35 12
+2 4
-44 9
+2 2
+1 2
-1 2
+4 8
+1 12
+29 2
-3 2
+5 2
-2 4
+2 4
cob=(1)
cfi=(142) /build/glibc-OTsEL5/glibc-2.27/elf/dl-fini.c
cfn=(614) _dl_fini
calls=1 -78 
* 722
cob=(5)
cfi=(88)
cfn=(532) 0x0000000000003530
calls=1 0 
* 923
+1 2
+11 1
+1 1
-1 1
+1 1
+5 4
-73 1
+12 1
+1 4
+63 2
+1 11
cfi=(141)
cfn=(656)
calls=1 918 
* 157
* 3
+2 2
cfi=(145)
cfn=(664)
calls=1 27 
* 5
-86 1
cfi=(133)
cfn=(530)
calls=1 +99 
* 11
* 1

fn=(526)
139 1
-1 1
+1 3
cfn=(528)
calls=1 -99 
* 1957

fl=(65) /build/glibc-OTsEL5/glibc-2.27/string/../sysdeps/x86_64/multiarch/ifunc-memcmp.h
fn=(218) bcmp
33 10
-1 4
+2 4
+1 6
fi=(66) /build/glibc-OTsEL5/glibc-2.27/string/../sysdeps/x86_64/multiarch/memcmp.c
-6 2
fe=(65)

fl=(110)
fn=(424)
29 5
fi=(111)
291 1
fe=(110)
30 1
fi=(111)
291 1
fe=(110)
30 1
fi=(111)
291 1
fi=(109)
3039 9
+3 1
-2 2
+2 3
+13 4
+2 3
cfn=(454)
calls=1 3521 
* 168
+1 1
-1 1
+1 6
-75 5
cfn=(452)
calls=1 +3 
* 496
+62 3
+2 5
+1 3
fe=(110)
33 6
cfi=(111)
cfn=(426)
calls=1 289 
* 62626
* 1
fi=(109)
3034 2
fe=(110)

fl=(57) /build/glibc-OTsEL5/glibc-2.27/string/../sysdeps/x86_64/multiarch/ifunc-unaligned-ssse3.h
fn=(238) strcpy
33 4
+3 4
fi=(160) /build/glibc-OTsEL5/glibc-2.27/string/../sysdeps/x86_64/multiarch/strcpy.c
-7 1
fe=(57)

fn=(266) stpcpy
33 4
+3 4
fi=(161) /build/glibc-OTsEL5/glibc-2.27/string/../sysdeps/x86_64/multiarch/stpcpy.c
-3 1
fe=(57)

fn=(196) strncpy
33 4
+3 4
fi=(162) /build/glibc-OTsEL5/glibc-2.27/string/../sysdeps/x86_64/multiarch/strncpy.c
-7 1
fe=(57)

fn=(202) strcat
33 4
+3 4
fi=(163) /build/glibc-OTsEL5/glibc-2.27/string/../sysdeps/x86_64/multiarch/strcat.c
-7 1
fe=(57)

fn=(264) stpncpy
33 4
+3 4
fi=(164) /build/glibc-OTsEL5/glibc-2.27/string/../sysdeps/x86_64/multiarch/stpncpy.c
-5 1
fe=(57)

fl=(72) /build/glibc-OTsEL5/glibc-2.27/wcsmbs/../sysdeps/x86_64/multiarch/wcsnlen.c
fn=(242) wcsnlen
40 1
-2 1
+2 2
-2 2
+11 1

fl=(126)
fn=(488)
40 60
+1 15
cfi=(97)
cfn=(386)
calls=15 +11 
* 225
* 15
* 15
+1 30
cob=(2)
cfi=(18)
cfn=(420)
calls=15 -42 
* 2944
+2 30
+4 15
-1 30
+1 30
-1 30
cfi=(119)
cfn=(468)
calls=15 217 
* 180
* 15

fl=(122)
fn=(480)
44 2
+3 1
-6 12
+6 1
+5 10
+2 7
-7 2

fl=(108)
fn=(418)
323 2
-12 6
+12 2
+1 10
-11 2
-1 2
+17 4
-5 40
+4 8
-2 8
+3 24
-6 16
+6 2
-6 4
+9 8
cob=(2)
cfi=(18)
cfn=(420)
calls=2 0 
* 63586
+2 2
-2 2
+2 4
+9 24
-2 24
+1 30
+2 16
-3 2
+4 4
-4 4
+6 2
+4 8

fl=(63)
fn=(210)
25 20
+1 8
+4 8
+18 24
-21 4
+20 4

ob=(5)
fl=(88)
fn=(326) 0x0000000000001a00
0 11
cob=(3)
cfi=(89)
cfn=(328)
calls=1 137 
0 121771

fn=(344) 0x0000000000001b00
0 17

fn=(532)
0 5
cfn=(534) 0x0000000000005c80
calls=1 0 
0 457
0 4
cfn=(534)
calls=1 0 
0 451
0 6

fn=(560) 0x0000000000006230
0 10
cob=(3)
cfi=(136)
cfn=(554)
calls=2 23 
0 14
0 2
0 10
cob=(3)
cfi=(137)
cfn=(570)
calls=2 33 
0 134
0 2

fn=(630) 0x0000000000001a30
0 8

fn=(360)
0 7
cfn=(362) 0x0000000000003630
calls=1 0 
0 37
0 3
cob=(3)
cfi=(94)
cfn=(376)
calls=1 220 
0 118721
0 1
0 3
cob=(3)
cfi=(130)
cfn=(504)
calls=1 319 
0 376
0 1
0 2
cob=(3)
cfi=(131)
cfn=(510)
calls=1 65 
0 359
0 1
0 3
cfn=(514) 0x0000000000008360
calls=1 0 
0 78
0 11

fn=(534)
0 10
cob=(3)
cfi=(134)
cfn=(538)
calls=2 23 
0 12
0 2
0 8
cfn=(542) 0x00000000000061b0
calls=2 0 
0 858
0 18

fn=(542)
0 10
cob=(3)
cfi=(135)
cfn=(546)
calls=2 35 
0 12
0 2
0 8
cob=(3)
cfi=(136)
cfn=(554)
calls=2 23 
0 14
0 2
0 8
cfn=(560)
calls=2 0 
0 172
0 14
cob=(3)
cfi=(140)
cfn=(582)
calls=2 34 
0 614
0 2

fn=(616) 0x0000000000001ac0
0 8
cob=(2)
cfi=(18)
cfn=(622) 0x0000000000109910
calls=1 0 
0 75
0 1
cfn=(630)
calls=1 0 
0 8
0 3

fn=(334)
0 15
cob=(2)
cfi=(18)
cfn=(336) 0x0000000000109578
calls=1 0 
0 6
0 8
cfn=(344)
calls=1 0 
0 17
0 11

fn=(514)
0 6
cob=(3)
cfi=(90)
cfn=(330)
calls=1 65 
0 71
0 1

fn=(362)
0 6
cob=(3)
cfi=(84)
cfn=(312)
calls=1 43 
0 24
0 1
0 6

ob=(2)
fl=(18)
fn=(420)
0 45
cob=(3)
cfi=(109)
cfn=(422)
calls=45 3028 
0 72567

fn=(622)
0 1
cob=(3)
cfi=(143)
cfn=(624)
calls=1 30 
0 74

fn=(292) 0x0000000004a2a520
0 6

fn=(636) 0x000000000011038c
0 3

fn=(472)
0 4
cob=(3)
cfi=(109)
cfn=(474)
calls=4 3086 
0 196

fn=(336)
0 6

fn=(644) 0x0000000004a2a560
0 1
cob=(3)
cfi=(143)
cfn=(624)
calls=1 30 
0 74

fn=(654) 0x0000000004a2a7a8
0 3

fn=(88) 0x0000000004000f00
0 1
cob=(1)
cfi=(19) /build/glibc-OTsEL5/glibc-2.27/elf/dl-minimal.c
cfn=(90) free
calls=1 111 
0 4

ob=(1)
fl=(115) /build/glibc-OTsEL5/glibc-2.27/elf/dl-open.c
fn=(442) _dl_find_dso_for_object
176 5
+4 6
+1 4
+1 12
+1 2
-2 6
+5 2
+4 7

fl=(33) /build/glibc-OTsEL5/glibc-2.27/string/../sysdeps/x86_64/strcspn.S
fn=(100) strcspn
30 1
+7 1
+1 1
+2 1
+1 1
+1 1
+1 1
+1 33
+3 2
+7 1
+1 1
+1 1
+1 1
+2 1
+1 1
+1 1
+1 1
+2 1
+1 1
+1 1
+9 3
+12 1
+2 1
+1 1
+1 1
-4 11
+2 11
+1 11
+1 11
+2 12
+1 12
+1 12
+2 12
+1 12
+1 12
+2 12
+1 12
+1 12
+2 1
+1 1
+1 1
+2 1
+7 1
+4 1

fl=(142)
fn=(614)
30 8
+20 3
-3 6
+3 4
+3 2
cfi=(2)
cfn=(52)
calls=1 784 
* 2
+2 1
+3 2
+2 8
+8 1
-3 1
+8 1
-5 6
+7 8
+2 8
+2 8
+1 4
+1 4
+4 4
-12 12
+14 6
+1 4
+6 3
cfi=(52) /build/glibc-OTsEL5/glibc-2.27/elf/dl-sort-maps.c
cfn=(164) _dl_sort_maps
calls=1 -66 
* 253
+10 2
cfi=(2)
cfn=(54)
calls=1 790 
* 2
+5 6
+2 1
+2 3
-2 3
+2 9
+3 8
+3 12
+4 4
+11 2
+1 2
-1 2
+2 2
-2 2
+2 2
+1 14
+1 2
cob=(4) /usr/lib/valgrind/vgpreload_core-amd64-linux.so
cfi=(79) ???
cfn=(638) 0x0000000000000600
calls=1 0 
* 95
cob=(5)
cfi=(88)
cfn=(616)
calls=1 0 
* 95
* 2
-1 6
+5 4
+1 6
cob=(2)
cfi=(18)
cfn=(654)
calls=1 0 
* 3
cob=(2)
cfi=(18)
cfn=(636)
calls=1 0 
* 3
+6 24
+16 8
-56 10
+62 6
+6 2
+7 8
-90 7
+26 6

fl=(21) /build/glibc-OTsEL5/glibc-2.27/string/../sysdeps/x86_64/strcmp.S
fn=(56) strcmp
144 537
+1 537
+2 537
+1 537
+21 537
+1 537
+1 436
+1 436
+1 362
+1 362
+1 362
+1 362
+21 362
+1 362
+1 362
+1 362
+1 362
+1 362
+1 362
+5 8
+1 8
+9 8
+1 8
+1 8
+1 8
+1 8
+1 8
+1 8
+1 8
-7 175
+1 175
+1 175
+1 175
+1 175
+1 175
+1 175
+1 175
+1 125
+1 37
+1 37
+1 37
+2 37
+1 37
+1 37
+1 37
+1 37
+1 37
-5 88
+1 88
+1 88
+1 88
+1 88
+1 88
+10 58
+1 58
+1 58
+2 58
+6 58
+1 58
+1 58
+1 58
+1 58
+5 58
+2 58
+1 58
+1 116
+8 58
+1 58
+3 58
+1 58
+1 58
+1 58
+1 58
+1 58
571 1
+1 1
+1 1
+1 1
+1 1
+2 1
+1 1
+1 1
+1 1
+1 1
+1 1
+1 1
+1 1
+4 1
+1 1
+1 1
+6 1
+1 1
+1 2
+4 1
+1 1
+3 1
+1 1
+1 1
+3 1
+1 1
+1 1
+6 1
+1 1
+1 1
+1 1
+1 1
+1 1
+72 6
+1 6
+1 6
+1 6
+1 6
+2 6
+1 6
+1 6
+1 6
+1 6
+1 6
+1 6
+1 5
+4 5
+1 5
+1 5
+6 5
+1 5
+1 10
+4 5
+1 5
+3 5
+1 5
+1 5
+3 5
+1 5
+1 5
+6 5
+1 5
+1 5
+1 5
+1 5
+1 5
+72 1
+1 1
+1 1
+1 1
+1 1
+2 1
+1 1
+1 1
+1 1
+1 1
+1 1
+1 1
+1 1
+4 1
+1 1
+1 1
+6 1
+1 1
+1 2
+4 1
+1 1
+3 1
+1 1
+1 1
+3 1
+1 1
+1 1
+6 1
+1 1
+1 1
+1 1
+1 1
+1 1
+72 4
+1 4
+1 4
+1 4
+1 4
+2 4
+1 4
+1 4
+1 4
+1 4
+1 4
+1 4
+1 3
+4 3
+1 3
+1 3
+6 3
+1 3
+1 6
+4 3
+1 3
+3 3
+1 3
+1 3
+3 3
+1 3
+1 3
+6 3
+1 3
+1 3
+1 3
+1 3
+1 3
+72 6
+1 6
+1 6
+1 6
+1 6
+2 6
+1 6
+1 6
+1 6
+1 6
+1 6
+1 6
+1 3
+4 3
+1 3
+1 3
+6 3
+1 3
+1 6
+4 3
+1 3
+3 3
+1 3
+1 3
+3 3
+1 3
+1 3
+6 3
+1 3
+1 3
+1 3
+1 3
+1 3
+72 6
+1 6
+1 6
+1 6
+1 6
+2 6
+1 6
+1 6
+1 6
+1 6
+1 6
+1 6
+1 3
+4 3
+1 3
+1 3
+6 3
+1 3
+1 6
+4 3
+1 3
+3 3
+1 3
+1 3
+3 3
+1 3
+1 3
+6 3
+1 3
+1 3
+1 3
+1 3
+1 3
+72 7
+1 7
+1 7
+1 7
+1 7
+2 7
+1 7
+1 7
+1 7
+1 7
+1 7
+1 7
+1 3
+4 3
+1 3
+1 3
+6 3
+1 3
+1 6
+4 3
+1 3
+3 3
+1 3
+1 3
+3 3
+1 3
+1 3
+6 3
+1 3
+1 3
+1 3
+1 3
+1 3
+72 5
+1 5
+1 5
+1 5
+1 5
+2 5
+1 5
+1 5
+1 5
+1 5
+1 5
+1 5
+1 5
+4 5
+1 5
+1 5
+6 5
+1 5
+1 10
+4 5
+1 5
+3 5
+1 5
+1 5
+3 5
+1 5
+1 5
+6 5
+1 5
+1 5
+1 5
+1 5
+1 5
+7 1
+1 1
+2 1
+1 1
+2 1
+1 1
+1 1
+3 1
+1 1
+1 1
+6 1
+1 1
+1 1
+1 1
+1 1
+1 1
1696 6
+1 6
+1 6
+1 6
+1 6
+2 6
+1 6
+1 6
+1 6
+1 6
+1 6
+1 6
+1 5
+4 5
+1 5
+1 5
+6 5
+1 5
+1 10
+4 5
+1 5
+3 5
+1 5
+1 5
+3 5
+1 5
+1 5
+6 5
+1 5
+1 5
+1 5
+1 5
+1 5
+7 1
+1 1
+2 1
+1 1
+2 1
+1 1
+1 1
+3 1
+1 1
+1 1
+6 1
+1 1
+1 1
+1 1
+1 1
+1 1
+41 9
+1 9
+1 9
+1 9
+1 9
+2 9
+1 9
+1 9
+1 9
+1 9
+1 9
+1 9
+1 6
+4 6
+1 6
+1 6
+6 6
+1 6
+1 12
+4 6
+1 6
+3 6
+1 6
+1 6
+3 6
+1 6
+1 6
+6 6
+1 6
+1 6
+1 6
+1 6
+1 6
+72 70
+1 70
+1 70
+1 70
+1 70
+2 70
+1 70
+1 70
+1 70
+1 70
+1 70
+1 70
+1 64
+4 64
+1 64
+1 64
+6 64
+1 64
+1 128
+4 64
+1 64
+3 64
+1 64
+1 64
+3 64
+1 64
+1 64
+6 64
+1 64
+1 64
+1 64
+1 64
+1 64
+72 4
+1 4
+1 4
+1 4
+1 4
+2 4
+1 4
+1 4
+1 4
+1 4
+1 4
+1 4
+2 1
+4 1
+1 1
+1 1
+6 1
+1 1
+2 2
+4 1
+1 1
+3 1
+1 1
+1 1
+3 1
+1 1
+1 1
+6 1
+1 1
+1 1
+1 1
+1 1
+1 1
+74 158
+2 158
+1 158
+1 158
+1 158
-3 25
+1 25
+1 25
+1 25
+1 111
+5 37
+6 37
+1 37
+8 37
+1 37
-16 500
+6 500
+1 500
+8 500
+1 500

fl=(7) /build/glibc-OTsEL5/glibc-2.27/elf/../elf/dl-sysdep.c
fn=(12) _dl_sysdep_start
88 8
+25 1
-1 1
+1 241
+6 1
-3 1
+1 1
-4 1
+3 1
+3 4
+1 2
-1 12
-29 1
-1 10
+30 2
+1 108
+3 1
-4 74
+62 1
-62 1
+63 1
-1 1
-62 3
+34 1
-34 2
+35 1
-35 2
+46 1
-46 1
+47 1
-1 1
-46 3
+40 1
-40 1
+41 1
-1 1
-40 3
+37 1
-37 2
+38 1
-38 3
+13 1
-13 2
+14 1
-14 2
+10 1
-10 2
+11 1
-11 2
+7 1
-7 4
224 1
cfi=(9)
cfn=(16) __GI___tunables_init
calls=1 +65 
* 30368
fi=(11) /build/glibc-OTsEL5/glibc-2.27/elf/../sysdeps/unix/sysv/linux/dl-sysdep.c
35 2
cfi=(12) /build/glibc-OTsEL5/glibc-2.27/elf/../sysdeps/unix/sysv/linux/x86_64/brk.c
cfn=(22) brk
calls=1 -4 
* 11
fi=(8) /build/glibc-OTsEL5/glibc-2.27/elf/../sysdeps/x86/cpu-features.c
196 1
-12 1
+1 1
+11 1
+3 1
-3 1
+3 5
366 3
+1 1
+3 2
+1 1
+6 1
+5 2
-3 1
+3 1
-4 1
+4 1
cfi=(9)
cfn=(26)
calls=1 -9 
* 16
+2 4
cfi=(9)
cfn=(26)
calls=1 -11 
* 18
* 1
+2 3
-2 1
+2 1
cfi=(9)
cfn=(26)
calls=1 -13 
* 18
* 1
+2 3
-2 1
+2 1
cfi=(9)
cfn=(26)
calls=1 -15 
* 18
+12 1
-12 1
+11 1
-11 1
+12 1
fe=(7)
236 1
cfi=(13) /build/glibc-OTsEL5/glibc-2.27/string/../sysdeps/x86_64/multiarch/../strlen.S
cfn=(28) strlen
calls=1 79 
* 16
* 1
+2 2
cfi=(14) /build/glibc-OTsEL5/glibc-2.27/elf/../misc/sbrk.c
cfn=(30) sbrk
calls=1 32 
* 17
* 3
+12 3
+3 5
cfi=(2)
cfn=(32) dl_main
calls=1 870 
* 141594
+1 1
+1 8
fi=(8)
404 3
+28 2
-9 3
+2 4
+3 4
+1 2
205 6
cfn=(24) get_common_indeces.constprop.1
calls=1 34 
* 87
+3 3
+97 4
+7 4
203 1
312 4
210 5
+1 7
+85 3
-79 2
fe=(7)

fn=(282) _dl_sysdep_start_cleanup
260 1

fl=(23) /build/glibc-OTsEL5/glibc-2.27/posix/../sysdeps/unix/syscall-template.S
fn=(64) uname
78 4
+1 1

fl=(50) /build/glibc-OTsEL5/glibc-2.27/elf/dl-cache.c
fn=(154) _dl_load_cache_lookup
187 9
+8 2
+3 3
+45 1
+6 2
+11 1
-2 1
fi=(51) /build/glibc-OTsEL5/glibc-2.27/elf/../sysdeps/x86/dl-procinfo.h
39 1
fe=(50)
258 2
fi=(51)
39 3
+3 3
cfi=(21)
cfn=(56)
calls=1 144 
* 24
* 2
fe=(50)
264 4
cfi=(9)
cfn=(26)
calls=1 373 
* 18
* 1
fi=(26) /build/glibc-OTsEL5/glibc-2.27/elf/../sysdeps/unix/sysv/linux/not-errno.h
28 2
fe=(50)
264 1
fi=(26)
28 2
fe=(50)
266 2
fi=(26)
32 3
fe=(50)
270 2
+15 1
-15 1
+15 32
cfn=(160) _dl_cache_libcmp
calls=2 141 
* 201
* 28
cfn=(160)
calls=1 141 
* 71
* 7
-84 4
cfi=(36) /build/glibc-OTsEL5/glibc-2.27/elf/dl-misc.c
cfn=(156) _dl_sysdep_read_whole_file
calls=1 44 
* 107
+8 1
-8 1
+8 4
+1 7
+7 1
-3 1
+3 3
+3 1
+1 2
-1 1
+1 1
+1 8
+63 3
+16 2
+4 2
+8 3
cfi=(13)
cfn=(28)
calls=1 79 
* 34
* 2
+1 1
-1 4
+1 2
cfi=(20) /build/glibc-OTsEL5/glibc-2.27/string/../sysdeps/x86_64/multiarch/memmove-vec-unaligned-erms.S
cfn=(48) memcpy
calls=1 129 
* 10
+1 2
cfi=(30) /build/glibc-OTsEL5/glibc-2.27/string/strdup.c
cfn=(86) strdup
calls=1 40 
* 80
+1 8
-19 2
-27 4
+1 3
-1 7
+15 16
fi=(51)
42 3
fe=(50)
297 3

fn=(284) _dl_unload_cache
326 4
-1 1
+3 2
cfi=(44) /build/glibc-OTsEL5/glibc-2.27/misc/../sysdeps/unix/syscall-template.S
cfn=(286) munmap
calls=1 78 
* 5
+1 1
+2 2

fn=(160)
141 6
+1 8
+2 72
+20 34
+2 64
+4 15
+1 15
-29 30
+32 3
-28 2
+6 1
+2 1
-1 1
-1 2
+1 1
-1 1
+2 3
+2 3
-3 1
+3 1
+2 2
+9 6

fl=(28) /build/glibc-OTsEL5/glibc-2.27/string/../sysdeps/x86_64/multiarch/memset-vec-unaligned-erms.S
fn=(76) memset
109 65
+2 13
+1 13
+1 6
+1 6
+2 4
+1 4
+2 4
+55 2
+1 2
+10 2
+1 2
+1 2
+1 2
+1 2
+1 2
+1 2
+1 2
+1 2
+1 2
+1 2
+1 2
+1 2
+1 2
+2 31
+1 31
+1 31
+1 31
+1 31
+1 31
+1 31
+1 2
+15 7
+1 7
+1 7
+1 6
+1 6
+1 2
+1 2
+24 1
+1 1
+2 1
+3 4
+1 4
+2 4
+3 2
+1 2
+2 2

fl=(19)
fn=(80) strsep
265 4
+2 2
+1 4
+4 33
+7 84
-2 56
+13 1
+4 2
-7 14
-15 44

fn=(90)
111 4

fn=(42) calloc
92 8
+8 8
-1 16
-3 8
+4 16
+3 8
cfn=(46) malloc
calls=8 -53 
* 210
* 8

fn=(46)
50 87
+11 42
+3 21
-3 21
+3 42
-3 2
+3 1
-3 1
+3 86
-15 3
+20 4
+1 2
+2 1
+1 8
cfi=(42) /build/glibc-OTsEL5/glibc-2.27/misc/../sysdeps/unix/sysv/linux/mmap64.c
cfn=(132) mmap
calls=1 -29 
* 35
+2 2
+2 3
+2 1
+3 1
-3 2
+4 1
+2 5
-2 21
-1 21
+3 42
-29 1
-1 1
+1 1
+1 2
-2 2

fl=(42)
fn=(132)
44 14
+3 7
-6 84
+6 7
+5 70
+2 49
-7 12

fl=(25) /build/glibc-OTsEL5/glibc-2.27/elf/dl-hwcaps.c
fn=(68) _dl_important_hwcaps
42 4
+1 1
-1 8
+1 4
-1 1
+1 1
cfi=(9)
cfn=(26)
calls=1 373 
* 18
* 1
+3 3
-3 1
+12 6
+1 3
+1 1
-2 1
+2 1
-2 5
+1 3
+1 1
-2 1
+2 1
-2 5
+10 3
fi=(26)
-37 4
fe=(25)
131 4
-2 1
+17 6
+3 2
329 9
69 3
+77 1
+20 1
-19 1
+36 10
+1 3
-1 2
+1 3
fi=(27) /build/glibc-OTsEL5/glibc-2.27/elf/../sysdeps/x86/dl-hwcap.h
57 6
fe=(25)
186 1
+1 1
cfi=(13)
cfn=(28)
calls=1 79 
* 16
+1 1
-1 1
+1 3
-5 1
+5 1
-5 1
+5 2
-5 5
+8 3
+2 1
+1 6
+4 1
+4 1
-3 1
-1 1
+4 2
+3 4
+4 3
+1 1
-1 5
+1 3
+2 3
+2 2
-1 1
+1 1
-1 1
+2 2
+7 2
+6 11
+1 4
cfi=(19)
cfn=(46)
calls=1 50 
* 18
* 1
+1 1
-1 1
+1 3
+29 13
+3 4
+7 1
+10 12
-4 2
-3 1
+3 1
cfi=(20)
cfn=(74) mempcpy
calls=1 116 
* 16
* 2
-3 1
+3 1
cfi=(20)
cfn=(74)
calls=1 116 
* 16
* 6
+3 7
+1 12
+1 4
cfi=(20)
cfn=(74)
calls=1 116 
* 14
-2 1
+2 2
-2 1
+5 6
cfi=(20)
cfn=(74)
calls=2 116 
* 28
+2 2
-2 4
+2 5
-7 3
+12 1
+1 2
-1 9
+1 14
-1 18
+5 10
+4 3
-4 12
+4 33
+1 12
-1 12
+1 24
-2 12
+1 24
-1 39
+4 6
+5 1
-2 1
+2 1
-1 1
-1 2
+2 1
-1 1
+1 4
+2 6
+1 2
+3 2
-6 5
+13 8
+1 1
-1 2
+3 2
-3 3
+1 3
-1 6
+3 6
+3 3
+2 2
-15 2
-6 3
-42 2

fl=(35) /build/glibc-OTsEL5/glibc-2.27/setjmp/../sysdeps/x86_64/setjmp.S
fn=(110) __sigsetjmp
26 3
+9 3
+1 6
+1 3
+4 3
+1 3
+1 3
+1 3
+1 3
+2 6
+2 3
+1 3
+1 3
+2 6
+2 3
+4 3
+1 3

fl=(13)
fn=(28)
79 14
+1 14
+1 14
+1 14
+1 14
+1 14
+1 14
+2 14
+2 14
+31 14
+1 14
+1 14
+1 14
+1 14
+1 8
+2 8
+4 6
+1 6
+1 6
+1 6
+1 6
+1 6
+1 6
+1 6
+1 6
+1 6
+1 6
+1 6
+5 48

fl=(46) /build/glibc-OTsEL5/glibc-2.27/io/../sysdeps/unix/sysv/linux/close.c
fn=(142) close
27 12
+1 3

fl=(11)
fn=(62) _dl_discover_osversion
45 4
+2 3
+85 5
-45 3
cfi=(23)
cfn=(64)
calls=1 -9 
* 5
* 1
+15 1
-15 1
+20 1
-1 1
+3 12
+4 3
-2 6
+2 9
+7 3
-1 3
+4 3
-2 3
+2 10
+5 2

fl=(14)
fn=(30)
32 4
+8 6
+4 2
+16 5

fl=(47) /build/glibc-OTsEL5/glibc-2.27/io/../sysdeps/unix/sysv/linux/access.c
fn=(144) access
27 7
+4 1

fl=(29) /build/glibc-OTsEL5/glibc-2.27/string/../sysdeps/x86_64/multiarch/../strchr.S
fn=(84) index
24 6
+1 6
+1 6
+1 6
+1 6
+1 6
+1 6
+1 6
+1 6
+1 6
+1 6
+1 6
+1 6
+1 6
+1 6
+1 6
+1 6
+1 4
+4 4
+1 4
+1 4
+1 4
+2 4
+4 2
+1 2
+1 2
+1 2
+1 2
+1 2
+1 2
+1 2
+1 2
+1 2
+1 2
+1 2
+1 2
+1 2
+1 2
+1 2
+1 2
+1 2
+1 2
+1 2
+1 2
+1 2
+1 2
+1 2
+52 2
+4 2
+1 2
+1 2
+1 2
+2 2

fl=(36)
fn=(156)
44 2
+3 1
-3 3
+3 1
-3 3
+3 1
cfi=(37) /build/glibc-OTsEL5/glibc-2.27/io/../sysdeps/unix/sysv/linux/wordsize-64/lxstat.c
cfn=(120) open
calls=1 -8 
* 16
+1 2
+2 5
cfi=(41) /build/glibc-OTsEL5/glibc-2.27/io/../sysdeps/unix/sysv/linux/wordsize-64/fxstat.c
cfn=(130) _fxstat
calls=1 -16 
* 10
* 2
+2 1
+3 1
-3 1
+3 1
+13 2
cfi=(46)
cfn=(142)
calls=1 -41 
* 5
+3 7
-14 6
cfi=(42)
cfn=(132)
calls=1 -13 
* 35
* 2

fn=(116) _dl_name_match_p
282 750
+1 300
cfi=(21)
cfn=(56)
calls=150 144 
* 3684
* 150
+1 150
-1 150
+3 150
+2 300
+6 147
+1 735
-3 151
-4 302
+1 462
cfi=(21)
cfn=(56)
calls=154 144 
* 3858
* 308
+6 3
-11 3
+11 12

fl=(44)
fn=(136) mprotect
78 24
+1 6

fn=(286)
78 4
+1 1

fl=(34) /build/glibc-OTsEL5/glibc-2.27/elf/dl-error-skeleton.c
fn=(166) _dl_receive_error
226 3
+1 1
+1 1
+3 1
+1 1
+2 2
cfi=(2)
cfn=(168) version_check_doit
calls=1 621 
* 3175
+2 1
+1 1
+1 4

fn=(108) _dl_catch_exception
175 6
+15 3
-3 6
+4 3
-3 3
-13 3
+19 3
-3 3
+3 3
-19 3
+13 3
+2 3
+4 3
cfi=(35)
cfn=(110)
calls=3 26 
* 60
* 9
+2 9
cfi=(48) /build/glibc-OTsEL5/glibc-2.27/elf/dl-deps.c
cfn=(148) openaux
calls=2 60 
* 4986
cfi=(2)
cfn=(112) map_doit
calls=1 588 
* 2127
+2 3
-1 3
+1 6
-1 3
+1 3
+9 12

fn=(104) _dl_catch_error
213 6
+2 2
-2 1
+2 2
cfn=(108)
calls=1 -40 
* 2178
* 1
+1 2
+1 1
+1 1
-1 1
+1 1
+2 5

fl=(49) /build/glibc-OTsEL5/glibc-2.27/io/../sysdeps/unix/sysv/linux/wordsize-64/xstat.c
fn=(152) _xstat
34 8
-1 8
+1 8
+1 48
+4 1
-4 28

fl=(54) /build/glibc-OTsEL5/glibc-2.27/elf/dl-reloc.c
fn=(180) _dl_relocate_object
148 40
+15 4
-15 8
+15 4
+1 20
+6 12
+6 16
+1 8
-19 6
+22 6
+7 4
-32 4
+32 4
+44 4
fi=(5) /build/glibc-OTsEL5/glibc-2.27/elf/../sysdeps/x86_64/dl-machine.h
76 4
fe=(54)
231 8
fi=(5)
76 12
fe=(54)
258 146
-99 2
fi=(5)
481 6
fe=(54)
159 4
+99 2
fi=(4) /build/glibc-OTsEL5/glibc-2.27/elf/do-rel.h
48 2
fe=(54)
258 2
fi=(4)
47 2
+11 2
-11 2
+11 2
-11 2
+11 2
fe=(54)
258 2
-99 2
fi=(5)
481 6
fe=(54)
159 4
+99 2
fi=(4)
48 2
fe=(54)
258 2
fi=(4)
47 2
+11 2
-11 2
+11 2
-11 2
+11 2
fe=(54)
258 4
fi=(4)
48 4
fe=(54)
258 4
fi=(4)
47 4
+11 4
-11 4
+11 4
-11 4
+11 4
+26 6
+14 12
-15 12
+3 24
+12 6
+10 8
+10 18
+6 5
-3 10
+3 5
fi=(5)
491 3
fi=(4)
51 3
fi=(5)
491 3
fi=(4)
50 6
+77 648
+12 324
-3 486
fi=(5)
276 162
fi=(4)
139 162
-2 162
-1 162
+1 162
+1 162
-1 324
fi=(5)
276 162
+21 324
+4 324
+7 648
fi=(55) /build/glibc-OTsEL5/glibc-2.27/elf/../sysdeps/generic/ldsodefs.h
102 435
fi=(5)
308 2296
fi=(4)
138 138
fi=(5)
308 276
fi=(4)
138 138
fi=(5)
308 138
fi=(4)
138 138
fi=(5)
308 276
fi=(4)
138 4
fi=(5)
308 8
fi=(4)
138 4
fi=(5)
308 4
fi=(4)
138 4
fi=(5)
308 1712
cfi=(6) /build/glibc-OTsEL5/glibc-2.27/elf/dl-lookup.c
cfn=(188) _dl_lookup_symbol_x
calls=142 790 
* 88434
* 852
+2 435
+25 972
fi=(4)
74 4
+1 7
+1 78
fi=(5)
551 39
+24 78
+2 39
cob=(3)
cfi=(77)
cfn=(274)
calls=1 42 
* 77
cob=(3)
cfi=(58)
cfn=(270)
calls=1 32 
* 6
cob=(3)
cfi=(60)
cfn=(268)
calls=1 32 
* 8
cob=(3)
cfi=(57)
cfn=(266)
calls=1 33 
* 9
cob=(3)
cfi=(57)
cfn=(264)
calls=1 33 
* 9
cob=(3)
cfi=(70)
cfn=(262)
calls=1 30 
* 6
cob=(3)
cfi=(64)
cfn=(260)
calls=1 32 
* 8
cob=(3)
cfi=(60)
cfn=(258)
calls=1 32 
* 8
cob=(3)
cfi=(58)
cfn=(254)
calls=1 32 
* 6
cob=(3)
cfi=(60)
cfn=(252)
calls=1 32 
* 8
cob=(3)
cfi=(60)
cfn=(250)
calls=1 32 
* 8
cob=(3)
cfi=(74)
cfn=(248)
calls=1 40 
* 8
cob=(3)
cfi=(70)
cfn=(246)
calls=1 30 
* 6
cob=(3)
cfi=(73)
cfn=(244)
calls=2 32 
* 26
cob=(3)
cfi=(72)
cfn=(242)
calls=1 40 
* 7
cob=(3)
cfi=(56)
cfn=(240)
calls=1 44 
* 16
cob=(3)
cfi=(57)
cfn=(238)
calls=1 33 
* 9
cob=(3)
cfi=(58)
cfn=(234)
calls=1 32 
* 6
cob=(3)
cfi=(70)
cfn=(232)
calls=1 30 
* 6
cob=(3)
cfi=(60)
cfn=(230)
calls=2 32 
* 16
cob=(3)
cfi=(64)
cfn=(228)
calls=2 32 
* 16
cob=(3)
cfi=(69)
cfn=(226)
calls=1 42 
* 18
cob=(3)
cfi=(68)
cfn=(224)
calls=1 38 
* 9
cob=(3)
cfi=(67)
cfn=(222)
calls=1 38 
* 8
cob=(3)
cfi=(65)
cfn=(218)
calls=1 33 
* 13
cob=(3)
cfi=(56)
cfn=(216)
calls=1 44 
* 16
cob=(3)
cfi=(64)
cfn=(214)
calls=2 32 
* 16
cob=(3)
cfi=(60)
cfn=(212)
calls=1 32 
* 8
cob=(3)
cfi=(61)
cfn=(206)
calls=1 43 
* 77
cob=(3)
cfi=(60)
cfn=(204)
calls=1 32 
* 8
cob=(3)
cfi=(57)
cfn=(202)
calls=1 33 
* 9
cob=(3)
cfi=(58)
cfn=(198)
calls=1 32 
* 6
cob=(3)
cfi=(57)
cfn=(196)
calls=1 33 
* 9
cob=(3)
cfi=(56)
cfn=(194)
calls=2 44 
* 32
-26 39
+27 39
fi=(4)
75 121
fe=(54)
258 2
fi=(4)
75 14
fe=(54)
258 14
+3 16
+24 4
+3 8
+17 12
+8 20
+3 4
-3 4
+3 4
+4 8
+1 12
cfi=(44)
cfn=(136)
calls=4 78 
* 20
* 8
-14 32
fi=(5)
131 6
458 564
fi=(4)
124 486
+19 15
fi=(5)
430 51
+4 68
+5 17
+9 17
-9 34
+9 34
+49 12
+4 24
cfi=(20)
cfn=(48)
calls=4 129 
* 40
+2 12
+1 4
308 34
+5 17
-3 34
+3 192
-3 282
+3 423
+3 35
+3 14
+1 21
+1 14
+4 7
+7 7
cob=(3)
cfi=(56)
cfn=(240)
calls=1 44 
* 16
cob=(3)
cfi=(68)
cfn=(224)
calls=1 38 
* 9
cob=(3)
cfi=(65)
cfn=(218)
calls=1 33 
* 13
cob=(3)
cfi=(69)
cfn=(226)
calls=1 42 
* 18
cob=(3)
cfi=(60)
cfn=(204)
calls=1 32 
* 8
cob=(3)
cfi=(60)
cfn=(250)
calls=1 32 
* 8
cob=(3)
cfi=(67)
cfn=(222)
calls=1 38 
* 8
* 21
-24 198
fi=(4)
61 4
-10 2
-1 4
fi=(5)
551 16
+4 16
+2 24
+1 8
fi=(4)
61 141
+2 188
+2 119
+46 9
fi=(5)
541 1255
fi=(4)
111 1255
fi=(5)
541 1255
fi=(4)
111 1255
fi=(5)
541 1255
fi=(4)
111 1255
fi=(5)
535 1255
fi=(4)
112 2510
fi=(5)
535 2510
+5 2510
fi=(4)
50 1
160 1
51 1
160 4
+2 20
+9 10
-1 5
+1 5
-1 10
fi=(5)
276 5
fi=(4)
170 15
fi=(5)
276 5
+21 10
+4 10
+7 20
fi=(55)
102 15
fi=(5)
308 170
cfi=(6)
cfn=(188)
calls=5 790 
* 2413
* 35
+2 15
+25 30
fe=(54)
-77 10
fi=(5)
82 4
+4 6
+14 2
-8 2
+8 4
+20 4
+4 8
-2 4
458 20
fi=(4)
160 17
+14 2
fi=(5)
313 1
-3 2
+3 3
-5 87
fe=(54)
180 3
fi=(5)
308 6
fe=(54)

fl=(48)
fn=(146) _dl_map_object_deps
159 1
-1 1
+1 1
-1 5
+1 1
-1 2
+1 1
-1 2
+1 1
-1 1
+1 1
-8 1
+8 2
-8 1
-6 1
+14 1
-8 1
+24 1
-32 1
+1 1
+1 1
+6 1
+24 2
-28 2
-2 1
+31 1
-33 3
+2 2
-1 1
+1 2
+6 3
+24 1
-24 1
+24 7
+4 1
+19 1
+2 2
-14 1
-1 1
+13 5
+11 1
+4 4
-4 3
+4 12
+12 12
+2 2
+8 2
-8 2
+6 2
-6 2
+6 2
+1 2
+4 2
-3 2
-3 2
+2 2
+4 8
+66 2
-98 2
+98 2
-66 4
+7 10
cfi=(29)
cfn=(84)
calls=2 24 
* 70
* 4
+4 6
-2 2
+2 2
cfi=(34)
cfn=(108)
calls=2 -74 
* 5088
* 2
+1 4
+9 2
+2 4
+5 2
+6 2
+2 2
-8 4
+3 2
+1 2
+1 2
+1 2
+4 10
+4 4
+1 3
-43 204
+1 102
+44 147
434 4
+2 6
+3 4
-1 2
cfi=(19)
cfn=(46)
calls=2 50 
* 36
* 2
+2 2
-2 2
+2 2
+3 2
+1 8
-1 2
+1 2
cfi=(20)
cfn=(48)
calls=2 129 
* 20
+1 10
cfi=(20)
cfn=(48)
calls=2 129 
* 20
+4 2
-1 2
+5 28
+7 6
+4 4
+11 3
-1 1
cfi=(19)
cfn=(46)
calls=1 50 
* 18
* 1
+3 1
-3 1
+3 4
+5 1
+1 1
-1 1
+3 2
-3 4
+9 2
+4 3
-10 3
-3 3
+9 6
+4 9
-10 9
+13 2
+51 2
+2 1
-1 1
+1 2
+35 7
cfi=(20)
cfn=(48)
calls=1 129 
* 10
+4 5
cfi=(52)
cfn=(164)
calls=1 28 
* 232
+3 1
+3 1
-1 1
+2 4
+7 3
+3 2
+3 8
225 8
-19 2
434 5
+27 2
214 25
+2 2
+2 8
+2 26
456 9
-1 4
+1 10
199 3
573 6

fn=(148)
60 4
+7 2
-4 6
+1 2
-1 2
+1 2
-1 10
cfi=(24) /build/glibc-OTsEL5/glibc-2.27/elf/dl-load.c
cfn=(114) _dl_map_object
calls=2 2080 
* 4952
* 2
+5 4

fl=(12)
fn=(22)
31 7
+8 1
-6 2
+7 1

fl=(41)
fn=(130)
34 3
-1 3
+1 3
+1 18
+4 3

fl=(20)
fn=(48)
129 18
+2 18
+1 18
+1 8
+1 8
+5 5
+1 5
+1 5
+1 5
+5 5
267 10
+1 10
+1 1
+1 1
+1 1
+1 1
+1 1
+1 1
+1 1
+2 1
+22 9
+1 9
+1 9
+1 9
+1 9
+24 3
+1 3
+1 3
+1 3
+22 3
+1 3
+1 3
+1 3
+1 3
+1 3
+1 3
+1 3
+2 3

fn=(74)
116 26
+1 26
+1 26
+13 26
+1 26
+1 4
+1 4
+5 3
+1 3
+1 3
+1 3
+5 3
267 22
+1 22
+1 8
+1 8
+1 3
+1 3
+1 1
+4 1
+22 14
+1 14
+1 14
+1 14
+1 14
+3 5
+1 5
+1 5
+1 5
+1 5
+3 2
+1 2
+1 2
+1 2
+1 2
+10 1
+1 1
+1 1
+1 1
+22 1
+1 1
+1 1
+1 1
+1 1
+1 1
+1 1
+1 1
+2 1

fl=(24)
fn=(114)
2080 21
+8 3
-8 6
+8 3
+1 12
+3 42
+5 49
+2 21
cfi=(36)
cfn=(116)
calls=7 282 
* 777
* 14
+4 12
+1 18
+3 2
+1 2
+1 2
-1 2
+1 2
cfi=(21)
cfn=(56)
calls=2 144 
* 48
* 4
2391 27
2125 6
+10 6
-53 2
+89 4
-2 2
+2 2
cfi=(29)
cfn=(84)
calls=2 24 
* 46
* 4
2322 5
cfn=(82) expand_dynamic_string_token
calls=1 320 
* 154
* 1
-2 1
+3 5
+4 9
cfn=(118) open_verify.constprop.7
calls=1 1598 
* 208
+3 2
-3 1
+3 3
+12 3
+46 1
+1 3
-1 1
+1 9
cfn=(126) _dl_map_object_from_fd
calls=1 808 
* 1347
-1 1
+1 3
-1 1
+1 9
cfn=(126)
calls=1 808 
* 1694
* 6
2171 1
+4 2
cfi=(13)
cfn=(28)
calls=1 79 
* 16
* 1
+2 1
-2 1
+2 1
+7 4
+36 12
cfn=(150) open_path
calls=1 1932 
* 1347
+6 2
-6 1
+6 3
601 3
2314 2
+28 4
+2 2
-95 1
-14 1
+14 1
+2 3
+4 2
cfi=(50)
cfn=(154)
calls=1 187 
* 763
+2 1
-2 1
+2 1
+4 2
+8 3
+23 10
cfn=(118)
calls=1 1598 
* 220
+4 2
-4 1
+4 3
+1 2
-88 7
601 3
2219 2
+1 2
-32 1
+1 2
-1 3
+8 7
-3 3
601 3
+9 3
2208 3

fn=(126)
808 22
+10 2
-10 2
+10 2
-10 6
+10 2
cfi=(31) /build/glibc-OTsEL5/glibc-2.27/elf/dl-debug.c
cfn=(92) _dl_debug_initialize
calls=2 49 
* 16
fi=(40) /build/glibc-OTsEL5/glibc-2.27/elf/../sysdeps/posix/dl-fileid.h
37 6
fe=(24)
818 2
fi=(40)
37 2
cfi=(41)
cfn=(130)
calls=2 -3 
* 20
* 4
+4 2
fe=(24)
834 2
fi=(40)
40 2
+1 2
fe=(24)
834 27
+1 10
fi=(40)
49 13
fe=(24)
1346 18
852 4
+24 8
+10 4
+22 8
+32 4
819 2
943 14
cfi=(17) /build/glibc-OTsEL5/glibc-2.27/elf/dl-object.c
cfn=(38) _dl_new_object
calls=2 59 
* 758
+1 2
-1 2
+1 2
+11 4
+5 2
-5 2
+1 2
+5 2
-5 2
+1 2
+2 2
-2 2
+2 4
+1 6
+20 2
-2 2
+10 2
-8 12
+8 2
-8 6
+8 2
+97 2
982 2
-6 2
1085 2
981 2
-5 4
1085 6
-96 32
-1 102
+1 95
+6 4
+5 4
+1 8
+11 20
+5 32
+9 12
-1 12
+1 4
+1 8
+2 4
-2 4
+1 4
-1 4
+3 4
+4 4
-7 4
+3 4
-1 4
+5 4
+1 8
+5 4
-1 2
-14 2
+14 2
+1 12
+10 2
-10 4
-1 2
-14 2
+14 2
+1 12
+10 2
-44 2
+1 1
+46 3
+4 1
+1 1
+2 1
-1 1
-1 2
+1 1
+3 3
+1 1
+3 1
-3 1
+7 4
+6 1
cfi=(32) /build/glibc-OTsEL5/glibc-2.27/elf/../elf/dl-tls.c
cfn=(162) _dl_next_tls_modid
calls=1 51 
* 6
* 2
+1 1
+19 4
+1 4
+1 2
-6 4
+1 2
+8 8
956 2
1110 2
956 2
1110 2
+10 6
fi=(43) /build/glibc-OTsEL5/glibc-2.27/elf/./dl-map-segments.h
50 2
+6 2
fe=(24)
1120 8
fi=(43)
56 6
fe=(24)
1120 2
fi=(43)
50 2
fe=(24)
1120 4
fi=(43)
56 4
cfi=(42)
cfn=(132)
calls=2 -12 
* 74
+4 2
-4 2
+4 4
+3 4
+1 2
+2 2
-2 2
-1 2
+3 2
+14 4
fi=(45) /build/glibc-OTsEL5/glibc-2.27/elf/./dl-load.h
+10 8
+1 6
+2 8
fi=(43)
+11 16
+45 4
-59 20
+2 12
+2 16
cfi=(42)
cfn=(132)
calls=2 -50 
* 66
* 4
+16 2
+2 2
-2 2
+1 2
+2 2
-1 2
+1 2
-1 6
+8 4
+3 4
+8 14
cfi=(28)
cfn=(76)
calls=2 -22 
* 249
* 4
+6 4
+4 8
cfi=(42)
cfn=(132)
calls=1 -97 
* 33
+3 2
-71 20
cfi=(44)
cfn=(136)
calls=2 +5 
* 10
* 4
fi=(45)
+21 5
+2 1
-1 3
+1 1
-1 1
+1 2
-1 2
+3 4
fe=(24)
1132 8
+9 4
fi=(3) /build/glibc-OTsEL5/glibc-2.27/elf/get-dynamic-info.h
42 2
fe=(24)
1141 2
fi=(3)
42 2
+6 2
-2 2
+2 4
+15 2
+5 2
+3 2
-1 2
-3 2
-3 36
+10 8
-26 24
+16 35
+10 35
-26 105
+26 2
-26 6
+2 90
+13 40
+2 8
+16 4
+20 7
+1 8
+1 8
+1 8
+2 8
+5 8
+1 7
+1 8
+6 6
+5 4
+7 4
+1 6
+18 6
+5 1
+2 1
-2 1
+2 1
+2 2
+2 2
+3 6
+10 1
-8 4
+8 1
+5 2
+3 4
fe=(24)
1148 4
+15 6
+19 4
+2 10
+54 6
+1 2
+3 2
cfi=(46)
cfn=(142)
calls=1 27 
* 5
* 2
cfi=(46)
cfn=(142)
calls=1 27 
* 5
* 4
+9 4
+2 6
+2 2
-2 2
+2 2
+16 4
cfi=(6)
cfn=(10) _dl_setup_hash
calls=2 939 
* 46
+4 4
+1 4
+17 4
+1 1
+8 1
-5 3
+5 2
-5 3
+5 1
+10 4
+10 6
cfi=(17)
cfn=(50) _dl_add_to_namespace_list
calls=2 31 
* 82
+4 6
fi=(3)
68 8
+3 8
+1 2
+1 8
fe=(24)
369 2

fn=(118)
1598 110
+39 10
-39 30
+39 38
+31 40
cfi=(37)
cfn=(120)
calls=10 39 
* 184
+2 10
-2 10
+2 12
+10 2
+1 4
+5 12
cfi=(39) /build/glibc-OTsEL5/glibc-2.27/io/../sysdeps/unix/sysv/linux/read.c
cfn=(124) read
calls=2 27 
* 10
+2 4
+2 2
+2 2
-2 2
+2 2
+6 4
+16 32
+74 4
+5 4
+2 8
+6 4
+11 4
+6 2
+1 2
+1 2
-2 6
+1 6
+21 82
+2 38
+13 6
+3 8
+1 2
+12 12
-3 18
+15 2
+3 1
+1 3
+1 1
-1 1
-1 1
+3 3
+1 3
1650 8
1918 90
1714 2
1871 12
+3 2
-4 2
+4 4
+5 1
+1 2
-55 2

fn=(66) _dl_init_paths
623 1
+13 2
-13 8
+13 3
cfi=(25)
cfn=(68)
calls=1 42 
* 711
+5 1
-5 1
+5 1
cfi=(19)
cfn=(46)
calls=1 50 
* 18
* 1
+1 1
-2 1
+2 2
+8 1
-1 1
+1 4
-1 3
+4 4
cfi=(19)
cfn=(46)
calls=1 50 
* 18
* 1
+2 1
-2 2
+2 1
+7 1
+10 1
-11 1
+12 1
+3 1
+1 1
-5 1
+3 1
+1 1
-1 1
+9 1
-20 1
+17 1
+3 1
-3 17
cfi=(28)
cfn=(76)
calls=4 109 
* 48
+3 27
-12 3
-2 3
+10 3
-7 3
-1 3
+4 3
-1 3
+1 3
+1 3
+3 3
+1 3
-4 3
+4 3
+14 1
-11 1
+6 1
+1 1
+5 2
+2 4
+2 3
+38 5
-19 1
-2 2
+2 2
+21 3
cfi=(13)
cfn=(28)
calls=1 79 
* 16
* 8
cfi=(20)
cfn=(48)
calls=1 129 
* 10
* 1
+5 4
-1 2
+2 56
-1 57
+5 1
cfi=(19)
cfn=(46)
calls=1 50 
* 18
* 1
+1 1
-2 1
+2 1
+6 7
cfn=(78) fillin_rpath
calls=1 389 
* 584
+3 3
+6 1
+4 8
-37 2

fn=(78)
389 7
+2 1
-2 9
+4 3
cfi=(19)
cfn=(80)
calls=1 265 
* 238
* 3
cfi=(19)
cfn=(80)
calls=1 265 
* 6
* 6
+7 2
+2 3
cfn=(82)
calls=1 -82 
* 104
+4 1
-4 1
+4 1
+5 2
cfi=(13)
cfn=(28)
calls=1 79 
* 16
+1 2
+7 6
+9 17
+1 8
+57 2
cob=(2)
cfi=(18)
cfn=(88)
calls=1 0 
* 5
* 1
-39 2
+4 7
-1 1
cfi=(19)
cfn=(46)
calls=1 50 
* 18
* 1
+3 3
+5 1
+1 2
-2 2
+2 1
cfi=(20)
cfn=(74)
calls=1 116 
* 12
+3 1
-2 1
-1 1
+1 1
+2 1
+6 4
+1 17
+1 1
-1 3
+1 1
-1 14
+1 8
-1 1
+1 1
-1 3
+1 1
-1 2
+4 1
-1 1
+1 1
-1 1
+1 1
+8 1
-1 1
+4 3
-37 2
-28 1
+5 4
+66 1
+3 9
-15 2

fn=(82)
320 12
+10 4
-10 2
+10 2
cfi=(29)
cfn=(84)
calls=2 24 
* 70
* 4
+15 2
-11 2
+11 8
-11 2
cfi=(30)
cfn=(86)
calls=2 40 
* 150

fn=(150)
1932 8
+1 1
+6 1
-6 1
+6 1
+5 11
-7 1
-1 1
+8 7
+3 3
+9 4
+7 3
+1 1
-13 3
+12 1
cfi=(20)
cfn=(74)
calls=1 116 
* 12
* 1
+55 2
-22 6
-32 2
+32 24
-32 16
+3 16
+4 48
cfi=(20)
cfn=(74)
calls=8 116 
* 101
* 32
cfi=(20)
cfn=(74)
calls=8 116 
* 96
+3 16
+3 24
+3 72
cfn=(118)
calls=8 1598 
* 440
* 8
+2 40
+2 16
+89 9
-24 7
+7 1
-2 1
+2 3
+3 3
-13 2
-57 16
+1 64
+6 16
+2 16
-2 16
+2 16
cfi=(49)
cfn=(152)
calls=8 34 
* 101
* 8
+3 8
-3 8
+1 1
+2 1
-2 1
+2 7
-37 2
+37 7
-37 14

fl=(114) /build/glibc-OTsEL5/glibc-2.27/elf/../elf/dl-runtime.c
fn=(438) _dl_fixup
66 4
+6 4
-6 2
+3 4
+3 6
-4 2
+5 2
+2 2
-2 10
+2 2
-2 2
+2 2
+5 4
+4 4
+4 2
+7 2
-7 4
+4 4
+1 8
+2 8
+7 4
-1 2
+1 2
+10 18
cfi=(6)
cfn=(188)
calls=2 790 
* 1847
* 2
+4 10
+10 14
+16 2
-8 2
+8 6
+4 6
fi=(5)
+96 2
fe=(114)
-92 6

fl=(53) /build/glibc-OTsEL5/glibc-2.27/elf/dl-version.c
fn=(172) _dl_check_map_versions
156 28
+15 12
+2 20
+2 4
+1 4
+2 4
-3 4
+1 4
+2 4
+3 6
-16 2
-8 4
+28 2
-4 2
+4 4
+16 2
37 4
201 2
37 10
+1 5
-1 10
+2 21
cfi=(36)
cfn=(116)
calls=7 282 
* 638
* 14
209 6
+5 2
-71 6
+71 4
-71 6
+79 2
-2 2
-2 4
+4 2
-4 14
+4 5
-2 5
-2 10
+4 5
-4 60
57 15
+8 15
-8 6
+8 6
+6 21
+16 7
+1 14
+2 7
+5 42
+14 94
+12 120
+4 40
-30 80
225 28
+3 21
+5 5
-11 5
111 7
+3 28
cfi=(21)
cfn=(56)
calls=7 +30 
* 321
* 32
237 8
+14 6
+3 8
+3 12
+3 8
+4 2
-7 8
+3 6
+4 30
-7 120
+3 92
+8 9
+89 36
-83 12
cfi=(19)
cfn=(42)
calls=3 92 
* 81
* 3
+1 3
-2 3
+2 3
+13 3
+2 3
-5 3
+3 3
+2 3
-2 3
+2 3
+3 8
+4 6
+18 5
-15 15
+2 15
-2 6
+2 6
+2 7
+1 7
-1 14
+1 7
-1 7
+1 7
+1 7
-2 7
+2 14
+1 21
+3 21
+8 6
+10 9
+3 8
+4 32
+6 32
+1 32
+1 32
-1 96
+1 32
-1 32
+1 32
+1 32
+3 96
+4 32
-14 68
+10 6
-96 2
-86 2
-8 2
+94 3

fn=(170) _dl_check_all_versions
362 5
+2 1
-2 3
+4 3
+2 24
cfn=(172)
calls=4 156 
* 3094
-2 4
+2 16
-2 8
+5 7

fl=(17)
fn=(50)
31 6
+2 3
-2 9
+2 6
cfi=(2)
cfn=(52)
calls=3 784 
* 6
+2 22
+3 15
+2 2
+2 2
+4 2
+4 2
-4 4
+1 2
+4 4
-4 2
+1 2
+3 2
-3 2
+2 2
cfi=(2)
cfn=(54)
calls=2 790 
* 4
-4 1
+4 1
-4 2
+1 1
+4 2
-4 1
+1 1
+3 1
-3 1
+2 1
cfi=(2)
cfn=(54)
calls=1 790 
* 2
-5 2

fn=(38)
59 36
+1 3
-1 3
+1 6
cfi=(13)
cfn=(28)
calls=3 +19 
* 66
+6 3
-6 6
+6 3
+7 3
-7 3
-6 3
+6 9
+2 6
+5 9
cfi=(19)
cfn=(42)
calls=3 +19 
* 147
* 3
+3 3
-3 3
+3 3
+4 3
+5 3
-6 3
+6 3
-5 3
+5 3
-5 3
+4 3
+1 6
-1 3
+1 3
cfi=(20)
cfn=(48)
calls=3 +44 
* 41
+10 3
-10 3
+10 3
-10 3
+10 3
-8 3
+8 6
+1 3
-1 3
+1 9
+3 3
-3 3
+3 3
+9 3
-7 3
+4 3
+3 8
+2 2
-2 2
+2 30
-2 30
+18 6
-6 3
+1 3
+5 3
-6 3
+6 9
+2 2
+3 2
-3 4
+3 2
+4 6
+4 5
+8 1
+3 1
+3 2
-3 1
+3 1
-3 2
+3 4
-3 2
+3 2
+2 2
+21 2
-21 2
cfi=(13)
cfn=(28)
calls=2 -76 
* 68
+4 2
-4 4
+17 2
-13 6
+64 2
+4 27
100 8
+39 6
+70 6
cfi=(20)
cfn=(74)
calls=2 -93 
* 32
* 42
+6 40
-1 40
+1 42
-1 2
+1 6
+5 4
-96 1
+7 4
+32 4
cfi=(19)
cfn=(46)
calls=2 50 
* 36
* 2
+1 2
-1 4
+1 2

fl=(113)
fn=(436)
71 2
+3 2
+2 2
+10 2
+6 2
+1 2
+1 2
+1 2
+1 2
+1 2
+1 2
+4 2
+1 2
+3 2
+1 2
+2 2
+1 2
+1 2
+1 2
+1 2
+1 2
+2 2
+7 2
+1 2
+1 2
cfi=(114)
cfn=(438)
calls=2 -59 
* 2001
+1 2
+5 2
+1 2
+1 2
+2 2
+1 2
+1 2
+1 2
+1 2
+1 2
+1 2
+2 2
+2 2
+4 2
+3 2

fl=(1) ???
fn=(0) 0x0000000000001090
0 2
cfi=(2)
cfn=(2) _dl_start
calls=1 444 
0 173846
0 14
cfi=(78) /build/glibc-OTsEL5/glibc-2.27/elf/dl-init.c
cfn=(290) _dl_init
calls=1 79 
0 2170
0 3
cob=(5)
cfi=(88)
cfn=(326)
calls=1 0 
0 121782

fl=(30)
fn=(86)
40 12
+1 3
cfi=(13)
cfn=(28)
calls=3 +38 
* 84
* 3
+1 6
cfi=(19)
cfn=(46)
calls=3 +8 
* 54
* 3
+2 6
+4 3
-1 6
+1 6
-1 6
cfi=(20)
cfn=(48)
calls=3 +82 
* 38

fl=(15) /build/glibc-OTsEL5/glibc-2.27/elf/dl-environ.c
fn=(34) _dl_next_ld_env_entry
29 3
+3 10
+13 75
-13 225
+2 154
+1 36
+5 2
-3 2
+3 2
+2 2
+7 1

fl=(16) /build/glibc-OTsEL5/glibc-2.27/string/../sysdeps/x86_64/memcmp.S
fn=(36) bcmp
24 2
+1 2
+1 2
+1 2
+1 2
+1 2
+1 2
+1 2
+3 2
+1 2
+1 1
+1 1
+1 1
+1 1
+1 1
+1 1
+1 1
+2 2
+1 2
+1 1
+1 1
+1 1
+1 1
+1 1
+1 1
+1 1
+2 2
+1 2
+1 2
+1 2
+1 2
+1 2
+1 1
+1 1
+1 1
+2 1
+1 1
+1 1
+1 1
+1 1
+1 1
+29 2
+1 2
+15 2
+1 2

fl=(52)
fn=(164)
28 16
+2 2
-2 2
+2 2
+92 10
-88 10
+1 4
-1 2
-1 2
+1 8
+1 2
cfi=(28)
cfn=(76)
calls=2 +74 
* 30
* 32
+4 4
+3 2
-3 4
+1 6
+2 2
-7 4
+4 8
+3 4
-3 8
+1 12
+2 4
+12 36
+2 12
+1 8
-1 6
+1 6
+2 18
+1 12
+58 24
cfi=(28)
cfn=(76)
calls=4 -9 
* 64
* 16
-28 24
-36 12
+61 28
-25 9
-44 12
+69 2
+7 16

fl=(8)
fn=(24)
34 2
+4 4
+3 3
+4 1
-4 1
+4 1
-4 1
+3 1
+1 2
+1 4
+1 4
+1 3
+1 2
+7 2
+1 7
+7 3
+4 2
+2 4
+40 2
+4 4
+1 2
+3 1
+7 1
-8 1
+4 1
+2 1
-2 1
+4 2
+3 2
+50 3
74 2
+3 3
+3 1
-3 1
+3 1
+2 3
+2 2
+7 3
-5 3

fl=(31)
fn=(92)
49 8
+5 6
+5 2
-1 1
+1 2
+1 2
-1 1
+5 1
-14 4
+4 8
+4 1
-1 1
+1 4

fn=(96) _dl_debug_state
74 2

fl=(32)
fn=(162)
51 4
+48 1
+4 1

fn=(178) _dl_allocate_tls_storage
332 1
+2 1
-2 2
+13 1
+1 2
cfi=(19)
cfn=(46)
calls=1 50 
* 18
* 1
+1 3
+8 2
-69 1
+69 2
+1 1
+4 297
+19 1
-94 2
+1 2
cfi=(19)
cfn=(42)
calls=1 92 
* 27
* 1
+1 2
+3 1
+6 2
+89 5

fn=(280) _dl_allocate_tls_init
437 8
+1 1
-1 1
+1 1
+4 1
+6 2
-6 1
+6 1
+12 1
-15 1
+39 1
-24 1
-16 2
+21 9
+6 15
+3 1
+1 2
+6 3
+3 1
-2 1
+6 1
-6 1
+2 1
+4 1
-4 2
+3 1
-3 1
+1 1
+2 1
+4 2
+1 4
+2 2
+1 2
+12 1
-3 1
+3 2
cfi=(20)
cfn=(74)
calls=1 116 
* 12
* 5
cfi=(28)
cfn=(76)
calls=1 109 
* 33
* 7
-42 2
+52 1
+4 3
+3 8

fn=(94) _dl_count_modids
113 2
+1 2

fn=(278) _dl_add_to_slotinfo
887 4
+9 1
-3 2
+8 7
+41 1
+1 1
+1 4

fn=(176) _dl_determine_tlsoffset
141 1
-6 5
+6 2
+3 2
+36 3
+2 4
-2 1
-2 1
-40 1
-1 1
-1 2
+69 2
+3 2
-3 5
+2 2
+10 1
-37 2
+25 1
-25 2
+5 1
-1 1
+5 2
-4 1
-1 2
+3 2
+2 3
-9 5
+93 1
-53 1
+1 1
+52 1
-1 1
+1 4

fl=(78)
fn=(290)
79 11
+5 1
-4 1
+1 1
+3 2
+8 2
+25 2
+1 12
+1 12
-89 12
+9 3
-3 6
+3 9
+5 6
+5 2
+9 6
cob=(3)
cfi=(80)
cfn=(302)
calls=1 -6 
* 198
* 1
+4 2
+6 2
+2 2
-2 1
+3 1
-1 1
+1 5
+1 4
cob=(3)
cfi=(86)
cfn=(316)
calls=1 488 
* 1773
* 1
-1 2
+47 3
+7 8
-80 3
-5 3
-10 3
+57 2
-48 1
-3 2
+3 3
+5 3
+5 2
+9 7
cob=(2)
cfi=(18)
cfn=(292)
calls=1 -58 
* 6
* 1
+3 1
+1 2
+6 1
+2 2
-2 2
+3 8
+1 4
cob=(4)
cfi=(79)
cfn=(296) 0x0000000000000640
calls=1 -72 
* 17
-1 5

fl=(9)
fn=(26)
373 102
+4 17
-4 66
+9 3
+1 3
-6 14
+22 85
+2 17

fn=(16)
289 8
-9 3
150 4
-82 236
+6 77
-3 77
+3 7616
+4 154
+5 77
297 77
83 77
297 77
fi=(10) /build/glibc-OTsEL5/glibc-2.27/elf/dl-tunables.h
121 154
-1 70
+1 28
-1 8
+1 32
-1 40
fe=(9)
330 308
-12 8470
fi=(10)
120 2772
+1 2868
-1 120
fe=(9)
312 6853
68 154
364 8

fl=(37)
fn=(120)
39 11
fi=(38) /build/glibc-OTsEL5/glibc-2.27/io/../sysdeps/unix/sysv/linux/open64.c
-3 11
+3 66
+8 77
+2 3
-2 24
+2 8
fe=(37)

fl=(39)
fn=(124)
27 8
+1 2

fl=(2)
fn=(168)
621 2
+2 4
cfi=(53)
cfn=(170)
calls=1 362 
* 3165
* 2
+4 2

fn=(98) handle_ld_preload
837 8
+1 1
-1 1
-75 1
+86 1
-86 4
+80 2
+3 3
cfi=(33)
cfn=(100)
calls=1 30 
* 218
* 1
+1 3
+9 1
121 1
857 2
121 2
859 2
-97 5
-10 1
+4 1
+1 1
+1 1
+2 1
+2 1
cfi=(34)
cfn=(104)
calls=1 213 
* 2201
* 1
+1 3
+8 4
+71 2
+21 9
-15 4
cfi=(20)
cfn=(48)
calls=1 129 
* 18
+1 2

fn=(112)
588 1
+2 1
-2 1
+3 2
-1 3
+1 3
cfi=(24)
cfn=(114)
calls=1 2080 
* 2113
* 1
+2 2

fn=(32)
870 1
+17 1
-17 10
+17 1
+4 1
-21 1
2471 1
891 1
+1 1
2466 1
892 1
+5 1
2471 1
897 1
2464 2
+7 3
-4 1
+4 3
+2 2
cfi=(15)
cfn=(34)
calls=1 29 
* 78
* 4
cfi=(15)
cfn=(34)
calls=2 29 
* 434
* 9
+4 6
-2 2
+2 42
+1 19
-1 57
+3 4
+6 14
+76 3
+1 4
cfi=(16)
cfn=(36)
calls=1 24 
* 31
* 2
-56 2
+7 4
cfi=(16)
cfn=(36)
calls=1 24 
* 36
* 2
+2 3
2635 3
+32 3
907 3
1108 7
cfi=(17)
cfn=(38)
calls=1 59 
* 230
+2 1
-2 1
+2 1
+1 1
+1 1
+5 2
-5 1
+1 2
+4 1
cfi=(17)
cfn=(50)
calls=1 31 
* 33
+1 2
879 1
1147 1
-3 1
-5 1
+1 1
+2 1
+5 5
+56 2
876 1
1166 1
+22 1
+15 2
-55 24
-1 27
+1 47
1250 3
+3 2
+2 2
+2 3
+13 3
+3 2
-2 1
+2 1
-2 3
cfi=(21)
cfn=(56)
calls=1 144 
* 50
* 2
+7 1
+3 1
-5 1
+3 1
-3 1
+5 1
+1 2
+4 2
+2 2
fi=(3)
33 1
+9 2
+6 1
-2 1
+2 2
+15 1
+5 1
+3 1
+2 1
-3 1
-3 1
-3 1
-14 52
+13 24
+1 20
+10 5
-26 15
+16 20
+10 20
-26 60
+26 1
-26 3
+33 3
+20 3
+1 4
+1 4
+1 4
+2 4
+5 4
+1 4
+1 4
+6 3
+5 2
+7 2
+1 3
+18 3
+5 1
+2 1
-2 1
+2 1
+2 2
+2 2
+1 1
+2 3
+10 1
-8 3
+8 1
+5 2
+1 2
+2 2
fe=(2)
1293 2
cfi=(6)
cfn=(10)
calls=1 939 
* 23
+3 2
fi=(22) /build/glibc-OTsEL5/glibc-2.27/elf/setup-vdso.h
24 2
fe=(2)
1318 1
cfi=(11)
cfn=(62)
calls=1 45 
* 79
* 9
-6 5
1167 2
+9 1
-7 1
-3 1
+10 1
+18 2
-37 3
+1 1
-6 3
+1 1
fi=(3)
65 4
+3 4
fe=(2)
1203 2
-1 2
+1 4
-1 2
+2 4
+1 1
+3 2
+1 2
-1 2
+1 2
+1 2
+1 6
+1 2
+31 2
+1 2
+1 1
-6 2
+1 1
fi=(3)
71 4
+1 1
+1 3
fe=(2)
1323 2
cfi=(24)
cfn=(66)
calls=1 623 
* 1740
+3 3
cfi=(31)
cfn=(92)
calls=1 49 
* 17
+7 1
-7 1
+2 1
+5 1
+3 3
+1 1
+3 1
-3 3
+1 2
+3 1
+5 1
-7 1
+7 1
+1 5
+17 2
+1 2
+5 1
-3 3
+2 1
+1 2
+5 2
+1 5
-1 2
+3 2
+1 2
+5 2
+6 4
+1 1
-2 1
885 1
1391 1
1570 1
cfi=(32)
cfn=(94)
calls=1 113 
* 4
* 1
+8 3
+3 2
+4 3
+5 2
+1 1
cfi=(31)
cfn=(96)
calls=1 74 
* 1
+1 1
+4 2
+15 3
+4 1
-2 1
+2 2
+2 3
+1 1
-1 2
+1 1
cfn=(98)
calls=1 837 
* 2506
* 1
+1 4
+2 2
+10 3
cfi=(47)
cfn=(144)
calls=1 27 
* 8
* 2
+77 1
-96 1
+96 3
+17 3
+1 1
-1 1
+1 2
-1 1
+1 5
cfi=(48)
cfn=(146)
calls=1 159 
* 6451
+1 4
+5 1
-3 2
+3 2
+1 7
-1 2
+1 9
-1 6
+4 3
+1 3
+1 1
+2 2
+1 5
-1 4
+1 6
-1 6
+47 2
+2 2
-1 1
-1 2
+2 4
cfi=(34)
cfn=(166)
calls=1 226 
* 3190
+10 1
+1 1
-1 1
+1 1
+1 1
cfn=(174) init_tls
calls=1 687 
* 542
* 1
+2 2
799 1
fi=(165) /build/glibc-OTsEL5/glibc-2.27/elf/../sysdeps/unix/sysv/linux/dl-osinfo.h
64 2
fe=(2)
801 1
fi=(165)
77 1
fe=(2)
810 1
+7 1
-5 1
1808 2
2038 3
2161 3
+7 1
+2 3
+1 1
-1 2
+2 10
+2 4
-2 8
+2 4
+5 8
+2 8
+6 4
+2 8
+1 24
cfi=(54)
cfn=(180)
calls=3 148 
* 118532
+4 10
+1 2
cfi=(32)
cfn=(278)
calls=1 887 
* 20
* 1
-12 1
+1 1
-3 2
+29 4
+2 1
+7 3
cfi=(32)
cfn=(280)
calls=1 437 
* 149
+3 2
-25 4
+2 2
+6 1
-6 1
+6 1
+26 3
+2 4
+15 1
+2 1
-2 2
+3 1
-3 1
+3 1
-3 1
+3 3
cfi=(54)
cfn=(180)
calls=1 148 
* 6191
+1 4
+2 2
+8 1
cfi=(7)
cfn=(282)
calls=1 260 
* 1
+4 2
+20 3
cfi=(31)
cfn=(92)
calls=1 49 
* 8
+1 1
-1 1
+2 1
cfi=(31)
cfn=(96)
calls=1 74 
* 1
+1 1
+4 1
cfi=(50)
cfn=(284)
calls=1 326 
* 15
+5 8
2094 1
+13 1
-9 1
-4 1
+10 1
-6 1
+6 1
+3 1
1753 1
+1 1
-1 2
+1 1
+2 1
+2 3
+2 1
-4 1
+4 2
+14 4
+1 2
+1 3
-64 5
+1 1
-1 3
+4 3
+1 1
+1 2
+1 2
+32 2
2565 3

fn=(52)
784 5
+1 5

fn=(54)
790 5
+1 5

fn=(2)
444 9
+19 4
fi=(3)
48 1
fe=(2)
463 1
fi=(5)
59 3
fi=(3)
-11 1
fe=(2)
489 1
-3 1
fi=(3)
48 1
+25 2
-3 1
-7 1
+5 1
+3 1
+2 1
-6 1
+3 1
-3 2
-3 16
+10 4
-26 12
+16 13
+10 13
-26 39
+26 1
-26 3
+2 36
+13 20
+2 4
+16 2
+20 4
+1 4
+1 4
+1 4
+2 4
+5 4
+1 4
+1 4
+6 3
+5 2
+7 3
+1 3
+8 3
+3 3
+4 2
+1 2
fe=(2)
500 2
393 1
507 1
393 1
cfi=(6)
cfn=(10)
calls=1 939 
* 23
+1 2
+1 2
+1 2
+1 2
+8 1
+9 1
-9 3
+9 1
-6 1
-3 1
+9 1
cfi=(7)
cfn=(12)
calls=1 88 
* 172814
* 1
+9 4
+3 1
+4 1
-4 1
+4 1
532 9
-27 27
fi=(4)
84 1
+27 1
-28 1
+28 2
+1 2
fi=(5)
540 2
fi=(4)
112 76
fi=(5)
540 76
+1 39
fi=(4)
111 39
fi=(5)
541 39
fi=(4)
111 39
fi=(5)
541 39
fi=(4)
111 39
+5 2
+8 1
fi=(5)
335 1
+87 1
fi=(4)
124 2
+12 1
+3 1
-3 1
+3 1
-3 1
fi=(5)
301 1
fi=(4)
137 1
fi=(5)
301 1
fi=(4)
137 1
fi=(5)
301 1
fi=(4)
136 8
+3 8
-3 8
+3 8
-3 8
fi=(5)
301 8
fi=(4)
137 8
fi=(5)
301 8
fi=(4)
137 8
fi=(5)
301 8
+9 27
+3 9
-3 18
+3 27
+22 54
fi=(3)
68 4
fi=(4)
+56 28
fi=(5)
354 27
fi=(3)
71 4
+1 1
+1 2
fe=(2)

fn=(174)
687 1
-6 1
+2 2
+4 1
+10 4
cfi=(19)
cfn=(42)
calls=1 92 
* 27
* 1
+11 1
-15 1
+3 1
+6 1
+2 1
-11 1
+15 1
+2 1
-1 1
+1 15
+2 8
+4 1
+2 1
-2 1
-5 8
+9 2
+3 1
cfi=(32)
cfn=(176)
calls=1 141 
* 66
+7 1
cfi=(32)
cfn=(178)
calls=1 332 
* 375
+1 1
-1 1
+1 1
+6 1
+3 1
-3 1
+3 6
+3 1
+2 1
+1 3

fl=(6)
fn=(188)
790 1490
555 149
790 596
555 447
-1 298
+2 149
-1 149
+1 447
-1 447
+1 1639
-1 1639
+1 4917
-1 5066
793 149
-1 149
+4 149
+4 149
-8 149
+1 149
+7 578
+5 447
+6 447
-7 1639
+15 32
-8 48
+2 1937
cfn=(190) do_lookup_x
calls=149 338 
* 63961
+3 729
+25 298
+24 987
+31 141
+9 564
+14 423
+3 564
+5 141
+2 1357
-86 48
+17 8
+1 16
+59 2

fn=(10)
939 12
+4 4
+4 8
+2 4
-1 4
+3 12
+1 4
+1 4
+3 4
-3 4
+7 4
-4 4
-1 4
+3 4
+2 4
-7 4
+7 4
+1 4

fn=(190)
338 1043
+1 149
-1 894
+6 298
+12 149
+30 149
-41 149
+41 149
+35 298
-65 745
+14 1338
+8 892
+1 1338
+3 446
+1 892
+4 892
+3 892
-5 446
+5 1338
+3 3122
-99 305
540 2236
+1 408
cfi=(36)
cfn=(116)
calls=136 282 
* 10200
* 544
+3 927
349 900
+3 900
+4 924
+4 892
+4 892
fi=(55)
102 423
fe=(6)
503 282
+3 1000
-60 22
+64 96
+12 846
+2 141
+24 1192
-1 16
397 456
-1 304
+2 304
+2 152
90 456
375 152
90 152
374 152
90 152
400 304
90 304
413 546
-10 1615
+2 564
+2 282
-1 423
78 987
+12 705
+3 692
cfi=(21)
cfn=(56)
calls=82 +51 
* 3602
* 246
+5 141
-1 141
+1 141
+2 280
+19 140
+1 1260
452 1410
148 2
+2 5
+30 77
-59 700
cfi=(21)
cfn=(56)
calls=140 +23 
* 7649
* 700

ob=(4)
fl=(79)
fn=(296)
0 17

fn=(638)
0 8
cob=(2)
cfi=(18)
cfn=(644)
calls=1 0 
0 75
0 1
cfn=(648) 0x0000000000000570
calls=1 0 
0 8
0 3

fn=(648)
0 8

totals: 297817
